<?xml version="1.0" encoding="UTF-8"?>
<coverage generated="1748015721545" clover="3.2.0">
  <project timestamp="1748015721545" name="All files">
    <metrics statements="141" coveredstatements="129" conditionals="83" coveredconditionals="62" methods="37" coveredmethods="34" elements="261" coveredelements="225" complexity="0" loc="141" ncloc="141" packages="8" files="14" classes="14"/>
    <package name="app">
      <metrics statements="5" coveredstatements="5" conditionals="0" coveredconditionals="0" methods="3" coveredmethods="3"/>
      <file name="layout.tsx" path="/Users/m.radojcic/Documents/git/work-manager/app/layout.tsx">
        <metrics statements="3" coveredstatements="3" conditionals="0" coveredconditionals="0" methods="1" coveredmethods="1"/>
        <line num="6" count="1" type="stmt"/>
        <line num="8" count="1" type="stmt"/>
        <line num="19" count="1" type="stmt"/>
      </file>
      <file name="loading.tsx" path="/Users/m.radojcic/Documents/git/work-manager/app/loading.tsx">
        <metrics statements="1" coveredstatements="1" conditionals="0" coveredconditionals="0" methods="1" coveredmethods="1"/>
        <line num="2" count="1" type="stmt"/>
      </file>
      <file name="page.tsx" path="/Users/m.radojcic/Documents/git/work-manager/app/page.tsx">
        <metrics statements="1" coveredstatements="1" conditionals="0" coveredconditionals="0" methods="1" coveredmethods="1"/>
        <line num="8" count="1" type="stmt"/>
      </file>
    </package>
    <package name="app.asset-booking">
      <metrics statements="1" coveredstatements="1" conditionals="0" coveredconditionals="0" methods="1" coveredmethods="1"/>
      <file name="page.tsx" path="/Users/m.radojcic/Documents/git/work-manager/app/asset-booking/page.tsx">
        <metrics statements="1" coveredstatements="1" conditionals="0" coveredconditionals="0" methods="1" coveredmethods="1"/>
        <line num="7" count="1" type="stmt"/>
      </file>
    </package>
    <package name="app.corporate-travel">
      <metrics statements="1" coveredstatements="1" conditionals="0" coveredconditionals="0" methods="1" coveredmethods="1"/>
      <file name="page.tsx" path="/Users/m.radojcic/Documents/git/work-manager/app/corporate-travel/page.tsx">
        <metrics statements="1" coveredstatements="1" conditionals="0" coveredconditionals="0" methods="1" coveredmethods="1"/>
        <line num="7" count="1" type="stmt"/>
      </file>
    </package>
    <package name="app.education-social">
      <metrics statements="1" coveredstatements="1" conditionals="0" coveredconditionals="0" methods="1" coveredmethods="1"/>
      <file name="page.tsx" path="/Users/m.radojcic/Documents/git/work-manager/app/education-social/page.tsx">
        <metrics statements="1" coveredstatements="1" conditionals="0" coveredconditionals="0" methods="1" coveredmethods="1"/>
        <line num="5" count="1" type="stmt"/>
      </file>
    </package>
    <package name="app.expense-report">
      <metrics statements="1" coveredstatements="1" conditionals="0" coveredconditionals="0" methods="1" coveredmethods="1"/>
      <file name="page.tsx" path="/Users/m.radojcic/Documents/git/work-manager/app/expense-report/page.tsx">
        <metrics statements="1" coveredstatements="1" conditionals="0" coveredconditionals="0" methods="1" coveredmethods="1"/>
        <line num="7" count="1" type="stmt"/>
      </file>
    </package>
    <package name="app.maintenance-issues">
      <metrics statements="1" coveredstatements="1" conditionals="0" coveredconditionals="0" methods="1" coveredmethods="1"/>
      <file name="page.tsx" path="/Users/m.radojcic/Documents/git/work-manager/app/maintenance-issues/page.tsx">
        <metrics statements="1" coveredstatements="1" conditionals="0" coveredconditionals="0" methods="1" coveredmethods="1"/>
        <line num="7" count="1" type="stmt"/>
      </file>
    </package>
    <package name="app.sick-leave">
      <metrics statements="1" coveredstatements="1" conditionals="0" coveredconditionals="0" methods="1" coveredmethods="1"/>
      <file name="page.tsx" path="/Users/m.radojcic/Documents/git/work-manager/app/sick-leave/page.tsx">
        <metrics statements="1" coveredstatements="1" conditionals="0" coveredconditionals="0" methods="1" coveredmethods="1"/>
        <line num="7" count="1" type="stmt"/>
      </file>
    </package>
    <package name="components.asset">
      <metrics statements="130" coveredstatements="118" conditionals="83" coveredconditionals="62" methods="28" coveredmethods="25"/>
      <file name="asset-book-button.tsx" path="/Users/m.radojcic/Documents/git/work-manager/components/asset/asset-book-button.tsx">
        <metrics statements="6" coveredstatements="6" conditionals="0" coveredconditionals="0" methods="3" coveredmethods="3"/>
        <line num="14" count="6" type="stmt"/>
        <line num="16" count="6" type="stmt"/>
        <line num="17" count="1" type="stmt"/>
        <line num="18" count="1" type="stmt"/>
        <line num="21" count="6" type="stmt"/>
        <line num="23" count="2" type="stmt"/>
      </file>
      <file name="asset-filters.tsx" path="/Users/m.radojcic/Documents/git/work-manager/components/asset/asset-filters.tsx">
        <metrics statements="2" coveredstatements="2" conditionals="0" coveredconditionals="0" methods="2" coveredmethods="2"/>
        <line num="12" count="1" type="stmt"/>
        <line num="22" count="8" type="stmt"/>
      </file>
      <file name="asset-form.tsx" path="/Users/m.radojcic/Documents/git/work-manager/components/asset/asset-form.tsx">
        <metrics statements="69" coveredstatements="59" conditionals="64" coveredconditionals="45" methods="12" coveredmethods="9"/>
        <line num="22" count="42" type="stmt"/>
        <line num="23" count="42" type="stmt"/>
        <line num="24" count="42" type="stmt"/>
        <line num="25" count="42" type="stmt"/>
        <line num="26" count="42" type="stmt"/>
        <line num="29" count="42" type="stmt"/>
        <line num="30" count="84" type="cond" truecount="1" falsecount="1"/>
        <line num="31" count="84" type="stmt"/>
        <line num="39" count="42" type="stmt"/>
        <line num="40" count="6" type="cond" truecount="3" falsecount="1"/>
        <line num="41" count="6" type="stmt"/>
        <line num="45" count="42" type="stmt"/>
        <line num="46" count="0" type="stmt"/>
        <line num="47" count="0" type="stmt"/>
        <line num="48" count="0" type="stmt"/>
        <line num="51" count="42" type="stmt"/>
        <line num="52" count="7" type="stmt"/>
        <line num="54" count="7" type="cond" truecount="5" falsecount="0"/>
        <line num="55" count="2" type="stmt"/>
        <line num="56" count="2" type="stmt"/>
        <line num="59" count="5" type="cond" truecount="1" falsecount="1"/>
        <line num="60" count="0" type="stmt"/>
        <line num="61" count="0" type="stmt"/>
        <line num="64" count="5" type="stmt"/>
        <line num="65" count="5" type="stmt"/>
        <line num="67" count="5" type="stmt"/>
        <line num="69" count="5" type="cond" truecount="1" falsecount="1"/>
        <line num="72" count="5" type="cond" truecount="1" falsecount="1"/>
        <line num="77" count="5" type="stmt"/>
        <line num="78" count="5" type="stmt"/>
        <line num="79" count="5" type="stmt"/>
        <line num="80" count="5" type="stmt"/>
        <line num="82" count="5" type="stmt"/>
        <line num="84" count="4" type="cond" truecount="2" falsecount="0"/>
        <line num="85" count="1" type="stmt"/>
        <line num="87" count="1" type="cond" truecount="1" falsecount="1"/>
        <line num="90" count="3" type="stmt"/>
        <line num="91" count="3" type="stmt"/>
        <line num="93" count="5" type="stmt"/>
        <line num="98" count="42" type="stmt"/>
        <line num="99" count="336" type="cond" truecount="8" falsecount="1"/>
        <line num="101" count="42" type="stmt"/>
        <line num="103" count="42" type="stmt"/>
        <line num="105" count="42" type="stmt"/>
        <line num="107" count="42" type="stmt"/>
        <line num="109" count="42" type="stmt"/>
        <line num="111" count="42" type="stmt"/>
        <line num="113" count="42" type="stmt"/>
        <line num="115" count="42" type="stmt"/>
        <line num="117" count="0" type="stmt"/>
        <line num="122" count="42" type="stmt"/>
        <line num="123" count="363" type="cond" truecount="8" falsecount="1"/>
        <line num="125" count="69" type="stmt"/>
        <line num="127" count="42" type="stmt"/>
        <line num="129" count="42" type="stmt"/>
        <line num="131" count="42" type="stmt"/>
        <line num="133" count="42" type="stmt"/>
        <line num="135" count="42" type="stmt"/>
        <line num="137" count="42" type="stmt"/>
        <line num="139" count="42" type="stmt"/>
        <line num="141" count="0" type="stmt"/>
        <line num="145" count="42" type="stmt"/>
        <line num="149" count="7" type="stmt"/>
        <line num="162" count="336" type="stmt"/>
        <line num="193" count="6" type="stmt"/>
        <line num="195" count="6" type="cond" truecount="4" falsecount="1"/>
        <line num="196" count="0" type="stmt"/>
        <line num="199" count="0" type="cond" truecount="0" falsecount="2"/>
        <line num="226" count="0" type="cond" truecount="0" falsecount="4"/>
      </file>
      <file name="asset-management.tsx" path="/Users/m.radojcic/Documents/git/work-manager/components/asset/asset-management.tsx">
        <metrics statements="22" coveredstatements="22" conditionals="2" coveredconditionals="2" methods="6" coveredmethods="6"/>
        <line num="11" count="16" type="stmt"/>
        <line num="12" count="16" type="stmt"/>
        <line num="13" count="16" type="stmt"/>
        <line num="14" count="16" type="stmt"/>
        <line num="17" count="16" type="stmt"/>
        <line num="18" count="5" type="stmt"/>
        <line num="19" count="5" type="stmt"/>
        <line num="20" count="5" type="stmt"/>
        <line num="21" count="4" type="stmt"/>
        <line num="22" count="4" type="stmt"/>
        <line num="24" count="1" type="stmt"/>
        <line num="26" count="5" type="stmt"/>
        <line num="31" count="16" type="stmt"/>
        <line num="32" count="4" type="stmt"/>
        <line num="36" count="16" type="stmt"/>
        <line num="37" count="9" type="stmt"/>
        <line num="40" count="9" type="cond" truecount="2" falsecount="0"/>
        <line num="41" count="2" type="stmt"/>
        <line num="44" count="9" type="stmt"/>
        <line num="48" count="16" type="stmt"/>
        <line num="49" count="1" type="stmt"/>
        <line num="52" count="16" type="stmt"/>
      </file>
      <file name="asset-table.tsx" path="/Users/m.radojcic/Documents/git/work-manager/components/asset/asset-table.tsx">
        <metrics statements="31" coveredstatements="29" conditionals="17" coveredconditionals="15" methods="5" coveredmethods="5"/>
        <line num="12" count="4" type="stmt"/>
        <line num="13" count="10" type="stmt"/>
        <line num="15" count="10" type="cond" truecount="8" falsecount="1"/>
        <line num="17" count="2" type="stmt"/>
        <line num="19" count="2" type="stmt"/>
        <line num="21" count="1" type="stmt"/>
        <line num="23" count="1" type="stmt"/>
        <line num="25" count="1" type="stmt"/>
        <line num="27" count="1" type="stmt"/>
        <line num="29" count="1" type="stmt"/>
        <line num="31" count="1" type="stmt"/>
        <line num="33" count="0" type="stmt"/>
        <line num="38" count="4" type="stmt"/>
        <line num="39" count="30" type="stmt"/>
        <line num="40" count="30" type="stmt"/>
        <line num="46" count="0" type="stmt"/>
        <line num="51" count="4" type="stmt"/>
        <line num="52" count="10" type="stmt"/>
        <line num="53" count="10" type="stmt"/>
        <line num="54" count="10" type="stmt"/>
        <line num="56" count="10" type="cond" truecount="2" falsecount="0"/>
        <line num="59" count="4" type="cond" truecount="2" falsecount="0"/>
        <line num="60" count="1" type="stmt"/>
        <line num="63" count="3" type="cond" truecount="2" falsecount="0"/>
        <line num="64" count="1" type="stmt"/>
        <line num="71" count="2" type="stmt"/>
        <line num="85" count="10" type="stmt"/>
        <line num="86" count="10" type="stmt"/>
        <line num="87" count="10" type="stmt"/>
        <line num="88" count="10" type="stmt"/>
        <line num="90" count="10" type="stmt"/>
      </file>
    </package>
  </project>
</coverage>
