{"/Users/m.radojcic/Documents/git/work-manager/app/layout.tsx": {"path":"/Users/m.radojcic/Documents/git/work-manager/app/layout.tsx","statementMap":{"0":{"start":{"line":6,"column":14},"end":{"line":6,"column":43}},"1":{"start":{"line":8,"column":24},"end":{"line":12,"column":1}},"2":{"start":{"line":19,"column":2},"end":{"line":27,"column":3}}},"fnMap":{"0":{"name":"RootLayout","decl":{"start":{"line":14,"column":24},"end":{"line":14,"column":34}},"loc":{"start":{"line":18,"column":3},"end":{"line":28,"column":1}},"line":18}},"branchMap":{},"s":{"0":1,"1":1,"2":1},"f":{"0":1},"b":{},"_coverageSchema":"1a1c01bbd47fc00a2c39e90264f33305004495a9","hash":"d47a7afe321142861731d8e7f9136e0579971645"}
,"/Users/m.radojcic/Documents/git/work-manager/app/loading.tsx": {"path":"/Users/m.radojcic/Documents/git/work-manager/app/loading.tsx","statementMap":{"0":{"start":{"line":2,"column":2},"end":{"line":2,"column":13}}},"fnMap":{"0":{"name":"Loading","decl":{"start":{"line":1,"column":24},"end":{"line":1,"column":31}},"loc":{"start":{"line":1,"column":34},"end":{"line":3,"column":1}},"line":1}},"branchMap":{},"s":{"0":1},"f":{"0":1},"b":{},"_coverageSchema":"1a1c01bbd47fc00a2c39e90264f33305004495a9","hash":"769235fafec408ed8440ddbc019aeec0e7ab9283"}
,"/Users/m.radojcic/Documents/git/work-manager/app/page.tsx": {"path":"/Users/m.radojcic/Documents/git/work-manager/app/page.tsx","statementMap":{"0":{"start":{"line":8,"column":2},"end":{"line":17,"column":3}}},"fnMap":{"0":{"name":"Dashboard","decl":{"start":{"line":7,"column":24},"end":{"line":7,"column":33}},"loc":{"start":{"line":7,"column":36},"end":{"line":18,"column":1}},"line":7}},"branchMap":{},"s":{"0":1},"f":{"0":1},"b":{},"_coverageSchema":"1a1c01bbd47fc00a2c39e90264f33305004495a9","hash":"7cffd870f0824bc975c7af1217b9fb693e455fd6"}
,"/Users/m.radojcic/Documents/git/work-manager/app/asset-booking/page.tsx": {"path":"/Users/m.radojcic/Documents/git/work-manager/app/asset-booking/page.tsx","statementMap":{"0":{"start":{"line":7,"column":2},"end":{"line":25,"column":3}}},"fnMap":{"0":{"name":"AssetBookingPage","decl":{"start":{"line":6,"column":24},"end":{"line":6,"column":40}},"loc":{"start":{"line":6,"column":43},"end":{"line":26,"column":1}},"line":6}},"branchMap":{},"s":{"0":1},"f":{"0":1},"b":{},"_coverageSchema":"1a1c01bbd47fc00a2c39e90264f33305004495a9","hash":"6dd303bb37297895fd42aa6fe065eb57c4ba372c"}
,"/Users/m.radojcic/Documents/git/work-manager/app/corporate-travel/page.tsx": {"path":"/Users/m.radojcic/Documents/git/work-manager/app/corporate-travel/page.tsx","statementMap":{"0":{"start":{"line":7,"column":2},"end":{"line":48,"column":3}}},"fnMap":{"0":{"name":"CorporateTravelPage","decl":{"start":{"line":6,"column":24},"end":{"line":6,"column":43}},"loc":{"start":{"line":6,"column":46},"end":{"line":49,"column":1}},"line":6}},"branchMap":{},"s":{"0":1},"f":{"0":1},"b":{},"_coverageSchema":"1a1c01bbd47fc00a2c39e90264f33305004495a9","hash":"b26e9e2776242601e0a723cf297289ec909e981c"}
,"/Users/m.radojcic/Documents/git/work-manager/app/education-social/page.tsx": {"path":"/Users/m.radojcic/Documents/git/work-manager/app/education-social/page.tsx","statementMap":{"0":{"start":{"line":5,"column":2},"end":{"line":5,"column":29}}},"fnMap":{"0":{"name":"EducationSocialPage","decl":{"start":{"line":4,"column":24},"end":{"line":4,"column":43}},"loc":{"start":{"line":4,"column":46},"end":{"line":6,"column":1}},"line":4}},"branchMap":{},"s":{"0":1},"f":{"0":1},"b":{},"_coverageSchema":"1a1c01bbd47fc00a2c39e90264f33305004495a9","hash":"194678a36250cab6007009a0c7e8c13d589296ed"}
,"/Users/m.radojcic/Documents/git/work-manager/app/expense-report/page.tsx": {"path":"/Users/m.radojcic/Documents/git/work-manager/app/expense-report/page.tsx","statementMap":{"0":{"start":{"line":7,"column":2},"end":{"line":25,"column":3}}},"fnMap":{"0":{"name":"ExpenseReportPage","decl":{"start":{"line":6,"column":24},"end":{"line":6,"column":41}},"loc":{"start":{"line":6,"column":44},"end":{"line":26,"column":1}},"line":6}},"branchMap":{},"s":{"0":1},"f":{"0":1},"b":{},"_coverageSchema":"1a1c01bbd47fc00a2c39e90264f33305004495a9","hash":"7a4676a286e9c3f363812d0636972fbdfe044feb"}
,"/Users/m.radojcic/Documents/git/work-manager/app/maintenance-issues/page.tsx": {"path":"/Users/m.radojcic/Documents/git/work-manager/app/maintenance-issues/page.tsx","statementMap":{"0":{"start":{"line":7,"column":2},"end":{"line":25,"column":3}}},"fnMap":{"0":{"name":"MaintenanceIssuesPage","decl":{"start":{"line":6,"column":24},"end":{"line":6,"column":45}},"loc":{"start":{"line":6,"column":48},"end":{"line":26,"column":1}},"line":6}},"branchMap":{},"s":{"0":1},"f":{"0":1},"b":{},"_coverageSchema":"1a1c01bbd47fc00a2c39e90264f33305004495a9","hash":"f9606db50c907287a5dea087dcfc6eef6a0a8e8d"}
,"/Users/m.radojcic/Documents/git/work-manager/app/sick-leave/page.tsx": {"path":"/Users/m.radojcic/Documents/git/work-manager/app/sick-leave/page.tsx","statementMap":{"0":{"start":{"line":7,"column":2},"end":{"line":25,"column":3}}},"fnMap":{"0":{"name":"SickLeavePage","decl":{"start":{"line":6,"column":24},"end":{"line":6,"column":37}},"loc":{"start":{"line":6,"column":40},"end":{"line":26,"column":1}},"line":6}},"branchMap":{},"s":{"0":1},"f":{"0":1},"b":{},"_coverageSchema":"1a1c01bbd47fc00a2c39e90264f33305004495a9","hash":"66f3bbbd1a5a8b5f5ea45389e0c932bdd7b562f2"}
,"/Users/m.radojcic/Documents/git/work-manager/components/asset/asset-book-button.tsx": {"path":"/Users/m.radojcic/Documents/git/work-manager/components/asset/asset-book-button.tsx","statementMap":{"0":{"start":{"line":14,"column":42},"end":{"line":14,"column":57}},"1":{"start":{"line":16,"column":24},"end":{"line":19,"column":3}},"2":{"start":{"line":17,"column":4},"end":{"line":17,"column":26}},"3":{"start":{"line":18,"column":4},"end":{"line":18,"column":19}},"4":{"start":{"line":21,"column":2},"end":{"line":38,"column":3}},"5":{"start":{"line":23,"column":29},"end":{"line":23,"column":50}}},"fnMap":{"0":{"name":"AssetBookButton","decl":{"start":{"line":13,"column":16},"end":{"line":13,"column":31}},"loc":{"start":{"line":13,"column":73},"end":{"line":39,"column":1}},"line":13},"1":{"name":"(anonymous_1)","decl":{"start":{"line":16,"column":24},"end":{"line":16,"column":25}},"loc":{"start":{"line":16,"column":30},"end":{"line":19,"column":3}},"line":16},"2":{"name":"(anonymous_2)","decl":{"start":{"line":23,"column":23},"end":{"line":23,"column":24}},"loc":{"start":{"line":23,"column":29},"end":{"line":23,"column":50}},"line":23}},"branchMap":{},"s":{"0":6,"1":6,"2":1,"3":1,"4":6,"5":2},"f":{"0":6,"1":1,"2":2},"b":{},"_coverageSchema":"1a1c01bbd47fc00a2c39e90264f33305004495a9","hash":"dcd5db2fd0df28f93f3746f01adcf1f0adf81099"}
,"/Users/m.radojcic/Documents/git/work-manager/components/asset/asset-filters.tsx": {"path":"/Users/m.radojcic/Documents/git/work-manager/components/asset/asset-filters.tsx","statementMap":{"0":{"start":{"line":12,"column":2},"end":{"line":30,"column":3}},"1":{"start":{"line":22,"column":14},"end":{"line":24,"column":27}}},"fnMap":{"0":{"name":"AssetFilters","decl":{"start":{"line":11,"column":16},"end":{"line":11,"column":28}},"loc":{"start":{"line":11,"column":89},"end":{"line":31,"column":1}},"line":11},"1":{"name":"(anonymous_1)","decl":{"start":{"line":21,"column":29},"end":{"line":21,"column":30}},"loc":{"start":{"line":22,"column":14},"end":{"line":24,"column":27}},"line":22}},"branchMap":{},"s":{"0":1,"1":8},"f":{"0":1,"1":8},"b":{},"_coverageSchema":"1a1c01bbd47fc00a2c39e90264f33305004495a9","hash":"35341b11b084a42ad96de25ee588137c9f302de9"}
,"/Users/m.radojcic/Documents/git/work-manager/components/asset/asset-form.tsx": {"path":"/Users/m.radojcic/Documents/git/work-manager/components/asset/asset-form.tsx","statementMap":{"0":{"start":{"line":22,"column":36},"end":{"line":22,"column":64}},"1":{"start":{"line":23,"column":38},"end":{"line":23,"column":76}},"2":{"start":{"line":24,"column":38},"end":{"line":24,"column":76}},"3":{"start":{"line":25,"column":42},"end":{"line":25,"column":57}},"4":{"start":{"line":26,"column":28},"end":{"line":26,"column":57}},"5":{"start":{"line":29,"column":21},"end":{"line":36,"column":3}},"6":{"start":{"line":30,"column":4},"end":{"line":30,"column":24}},"7":{"start":{"line":30,"column":15},"end":{"line":30,"column":24}},"8":{"start":{"line":31,"column":4},"end":{"line":35,"column":6}},"9":{"start":{"line":39,"column":23},"end":{"line":42,"column":3}},"10":{"start":{"line":40,"column":4},"end":{"line":40,"column":38}},"11":{"start":{"line":40,"column":26},"end":{"line":40,"column":38}},"12":{"start":{"line":41,"column":4},"end":{"line":41,"column":44}},"13":{"start":{"line":45,"column":24},"end":{"line":49,"column":3}},"14":{"start":{"line":46,"column":18},"end":{"line":46,"column":28}},"15":{"start":{"line":47,"column":4},"end":{"line":47,"column":30}},"16":{"start":{"line":48,"column":4},"end":{"line":48,"column":43}},"17":{"start":{"line":51,"column":23},"end":{"line":95,"column":3}},"18":{"start":{"line":52,"column":4},"end":{"line":52,"column":22}},"19":{"start":{"line":54,"column":4},"end":{"line":57,"column":5}},"20":{"start":{"line":55,"column":6},"end":{"line":55,"column":52}},"21":{"start":{"line":56,"column":6},"end":{"line":56,"column":12}},"22":{"start":{"line":59,"column":4},"end":{"line":62,"column":5}},"23":{"start":{"line":60,"column":6},"end":{"line":60,"column":58}},"24":{"start":{"line":61,"column":6},"end":{"line":61,"column":12}},"25":{"start":{"line":64,"column":4},"end":{"line":64,"column":25}},"26":{"start":{"line":65,"column":4},"end":{"line":65,"column":18}},"27":{"start":{"line":67,"column":4},"end":{"line":94,"column":5}},"28":{"start":{"line":69,"column":34},"end":{"line":71,"column":12}},"29":{"start":{"line":72,"column":34},"end":{"line":74,"column":12}},"30":{"start":{"line":77,"column":23},"end":{"line":77,"column":37}},"31":{"start":{"line":78,"column":6},"end":{"line":78,"column":46}},"32":{"start":{"line":79,"column":6},"end":{"line":79,"column":57}},"33":{"start":{"line":80,"column":6},"end":{"line":80,"column":57}},"34":{"start":{"line":82,"column":21},"end":{"line":82,"column":55}},"35":{"start":{"line":84,"column":6},"end":{"line":88,"column":7}},"36":{"start":{"line":85,"column":8},"end":{"line":85,"column":19}},"37":{"start":{"line":87,"column":8},"end":{"line":87,"column":66}},"38":{"start":{"line":90,"column":6},"end":{"line":90,"column":50}},"39":{"start":{"line":91,"column":6},"end":{"line":91,"column":65}},"40":{"start":{"line":93,"column":6},"end":{"line":93,"column":28}},"41":{"start":{"line":98,"column":24},"end":{"line":119,"column":3}},"42":{"start":{"line":99,"column":4},"end":{"line":118,"column":5}},"43":{"start":{"line":101,"column":8},"end":{"line":101,"column":30}},"44":{"start":{"line":103,"column":8},"end":{"line":103,"column":32}},"45":{"start":{"line":105,"column":8},"end":{"line":105,"column":32}},"46":{"start":{"line":107,"column":8},"end":{"line":107,"column":31}},"47":{"start":{"line":109,"column":8},"end":{"line":109,"column":29}},"48":{"start":{"line":111,"column":8},"end":{"line":111,"column":32}},"49":{"start":{"line":113,"column":8},"end":{"line":113,"column":30}},"50":{"start":{"line":115,"column":8},"end":{"line":115,"column":30}},"51":{"start":{"line":117,"column":8},"end":{"line":117,"column":30}},"52":{"start":{"line":122,"column":24},"end":{"line":143,"column":3}},"53":{"start":{"line":123,"column":4},"end":{"line":142,"column":5}},"54":{"start":{"line":125,"column":8},"end":{"line":125,"column":19}},"55":{"start":{"line":127,"column":8},"end":{"line":127,"column":19}},"56":{"start":{"line":129,"column":8},"end":{"line":129,"column":20}},"57":{"start":{"line":131,"column":8},"end":{"line":131,"column":19}},"58":{"start":{"line":133,"column":8},"end":{"line":133,"column":19}},"59":{"start":{"line":135,"column":8},"end":{"line":135,"column":19}},"60":{"start":{"line":137,"column":8},"end":{"line":137,"column":19}},"61":{"start":{"line":139,"column":8},"end":{"line":139,"column":19}},"62":{"start":{"line":141,"column":8},"end":{"line":141,"column":19}},"63":{"start":{"line":145,"column":2},"end":{"line":253,"column":3}},"64":{"start":{"line":149,"column":60},"end":{"line":149,"column":92}},"65":{"start":{"line":162,"column":14},"end":{"line":167,"column":27}},"66":{"start":{"line":193,"column":18},"end":{"line":193,"column":37}},"67":{"start":{"line":195,"column":18},"end":{"line":197,"column":19}},"68":{"start":{"line":196,"column":20},"end":{"line":196,"column":39}},"69":{"start":{"line":199,"column":37},"end":{"line":199,"column":71}},"70":{"start":{"line":226,"column":18},"end":{"line":226,"column":100}}},"fnMap":{"0":{"name":"AssetForm","decl":{"start":{"line":21,"column":16},"end":{"line":21,"column":25}},"loc":{"start":{"line":21,"column":57},"end":{"line":254,"column":1}},"line":21},"1":{"name":"(anonymous_1)","decl":{"start":{"line":29,"column":21},"end":{"line":29,"column":22}},"loc":{"start":{"line":29,"column":57},"end":{"line":36,"column":3}},"line":29},"2":{"name":"(anonymous_2)","decl":{"start":{"line":39,"column":23},"end":{"line":39,"column":24}},"loc":{"start":{"line":39,"column":86},"end":{"line":42,"column":3}},"line":39},"3":{"name":"(anonymous_3)","decl":{"start":{"line":45,"column":24},"end":{"line":45,"column":25}},"loc":{"start":{"line":45,"column":49},"end":{"line":49,"column":3}},"line":45},"4":{"name":"(anonymous_4)","decl":{"start":{"line":51,"column":23},"end":{"line":51,"column":24}},"loc":{"start":{"line":51,"column":53},"end":{"line":95,"column":3}},"line":51},"5":{"name":"(anonymous_5)","decl":{"start":{"line":98,"column":24},"end":{"line":98,"column":25}},"loc":{"start":{"line":98,"column":58},"end":{"line":119,"column":3}},"line":98},"6":{"name":"(anonymous_6)","decl":{"start":{"line":122,"column":24},"end":{"line":122,"column":25}},"loc":{"start":{"line":122,"column":58},"end":{"line":143,"column":3}},"line":122},"7":{"name":"(anonymous_7)","decl":{"start":{"line":149,"column":49},"end":{"line":149,"column":50}},"loc":{"start":{"line":149,"column":60},"end":{"line":149,"column":92}},"line":149},"8":{"name":"(anonymous_8)","decl":{"start":{"line":161,"column":29},"end":{"line":161,"column":30}},"loc":{"start":{"line":162,"column":14},"end":{"line":167,"column":27}},"line":162},"9":{"name":"(anonymous_9)","decl":{"start":{"line":192,"column":26},"end":{"line":192,"column":27}},"loc":{"start":{"line":192,"column":36},"end":{"line":198,"column":17}},"line":192},"10":{"name":"(anonymous_10)","decl":{"start":{"line":199,"column":26},"end":{"line":199,"column":27}},"loc":{"start":{"line":199,"column":37},"end":{"line":199,"column":71}},"line":199},"11":{"name":"(anonymous_11)","decl":{"start":{"line":225,"column":26},"end":{"line":225,"column":27}},"loc":{"start":{"line":226,"column":18},"end":{"line":226,"column":100}},"line":226}},"branchMap":{"0":{"loc":{"start":{"line":30,"column":4},"end":{"line":30,"column":24}},"type":"if","locations":[{"start":{"line":30,"column":4},"end":{"line":30,"column":24}},{"start":{},"end":{}}],"line":30},"1":{"loc":{"start":{"line":40,"column":4},"end":{"line":40,"column":38}},"type":"if","locations":[{"start":{"line":40,"column":4},"end":{"line":40,"column":38}},{"start":{},"end":{}}],"line":40},"2":{"loc":{"start":{"line":40,"column":8},"end":{"line":40,"column":24}},"type":"binary-expr","locations":[{"start":{"line":40,"column":8},"end":{"line":40,"column":14}},{"start":{"line":40,"column":18},"end":{"line":40,"column":24}}],"line":40},"3":{"loc":{"start":{"line":54,"column":4},"end":{"line":57,"column":5}},"type":"if","locations":[{"start":{"line":54,"column":4},"end":{"line":57,"column":5}},{"start":{},"end":{}}],"line":54},"4":{"loc":{"start":{"line":54,"column":8},"end":{"line":54,"column":48}},"type":"binary-expr","locations":[{"start":{"line":54,"column":8},"end":{"line":54,"column":18}},{"start":{"line":54,"column":22},"end":{"line":54,"column":33}},{"start":{"line":54,"column":37},"end":{"line":54,"column":48}}],"line":54},"5":{"loc":{"start":{"line":59,"column":4},"end":{"line":62,"column":5}},"type":"if","locations":[{"start":{"line":59,"column":4},"end":{"line":62,"column":5}},{"start":{},"end":{}}],"line":59},"6":{"loc":{"start":{"line":69,"column":34},"end":{"line":71,"column":12}},"type":"cond-expr","locations":[{"start":{"line":70,"column":10},"end":{"line":70,"column":142}},{"start":{"line":71,"column":10},"end":{"line":71,"column":12}}],"line":69},"7":{"loc":{"start":{"line":72,"column":34},"end":{"line":74,"column":12}},"type":"cond-expr","locations":[{"start":{"line":73,"column":10},"end":{"line":73,"column":142}},{"start":{"line":74,"column":10},"end":{"line":74,"column":12}}],"line":72},"8":{"loc":{"start":{"line":84,"column":6},"end":{"line":88,"column":7}},"type":"if","locations":[{"start":{"line":84,"column":6},"end":{"line":88,"column":7}},{"start":{"line":86,"column":13},"end":{"line":88,"column":7}}],"line":84},"9":{"loc":{"start":{"line":87,"column":17},"end":{"line":87,"column":65}},"type":"binary-expr","locations":[{"start":{"line":87,"column":17},"end":{"line":87,"column":29}},{"start":{"line":87,"column":33},"end":{"line":87,"column":65}}],"line":87},"10":{"loc":{"start":{"line":99,"column":4},"end":{"line":118,"column":5}},"type":"switch","locations":[{"start":{"line":100,"column":6},"end":{"line":101,"column":30}},{"start":{"line":102,"column":6},"end":{"line":103,"column":32}},{"start":{"line":104,"column":6},"end":{"line":105,"column":32}},{"start":{"line":106,"column":6},"end":{"line":107,"column":31}},{"start":{"line":108,"column":6},"end":{"line":109,"column":29}},{"start":{"line":110,"column":6},"end":{"line":111,"column":32}},{"start":{"line":112,"column":6},"end":{"line":113,"column":30}},{"start":{"line":114,"column":6},"end":{"line":115,"column":30}},{"start":{"line":116,"column":6},"end":{"line":117,"column":30}}],"line":99},"11":{"loc":{"start":{"line":123,"column":4},"end":{"line":142,"column":5}},"type":"switch","locations":[{"start":{"line":124,"column":6},"end":{"line":125,"column":19}},{"start":{"line":126,"column":6},"end":{"line":127,"column":19}},{"start":{"line":128,"column":6},"end":{"line":129,"column":20}},{"start":{"line":130,"column":6},"end":{"line":131,"column":19}},{"start":{"line":132,"column":6},"end":{"line":133,"column":19}},{"start":{"line":134,"column":6},"end":{"line":135,"column":19}},{"start":{"line":136,"column":6},"end":{"line":137,"column":19}},{"start":{"line":138,"column":6},"end":{"line":139,"column":19}},{"start":{"line":140,"column":6},"end":{"line":141,"column":19}}],"line":123},"12":{"loc":{"start":{"line":152,"column":15},"end":{"line":157,"column":15}},"type":"binary-expr","locations":[{"start":{"line":152,"column":15},"end":{"line":152,"column":24}},{"start":{"line":153,"column":16},"end":{"line":156,"column":22}}],"line":152},"13":{"loc":{"start":{"line":182,"column":76},"end":{"line":182,"column":114}},"type":"binary-expr","locations":[{"start":{"line":182,"column":76},"end":{"line":182,"column":87}},{"start":{"line":182,"column":91},"end":{"line":182,"column":114}}],"line":182},"14":{"loc":{"start":{"line":185,"column":17},"end":{"line":185,"column":79}},"type":"cond-expr","locations":[{"start":{"line":185,"column":30},"end":{"line":185,"column":52}},{"start":{"line":185,"column":55},"end":{"line":185,"column":79}}],"line":185},"15":{"loc":{"start":{"line":195,"column":18},"end":{"line":197,"column":19}},"type":"if","locations":[{"start":{"line":195,"column":18},"end":{"line":197,"column":19}},{"start":{},"end":{}}],"line":195},"16":{"loc":{"start":{"line":195,"column":22},"end":{"line":195,"column":74}},"type":"binary-expr","locations":[{"start":{"line":195,"column":22},"end":{"line":195,"column":32}},{"start":{"line":195,"column":36},"end":{"line":195,"column":40}},{"start":{"line":195,"column":44},"end":{"line":195,"column":74}}],"line":195},"17":{"loc":{"start":{"line":199,"column":37},"end":{"line":199,"column":71}},"type":"cond-expr","locations":[{"start":{"line":199,"column":44},"end":{"line":199,"column":63}},{"start":{"line":199,"column":66},"end":{"line":199,"column":71}}],"line":199},"18":{"loc":{"start":{"line":214,"column":76},"end":{"line":214,"column":114}},"type":"binary-expr","locations":[{"start":{"line":214,"column":76},"end":{"line":214,"column":87}},{"start":{"line":214,"column":91},"end":{"line":214,"column":114}}],"line":214},"19":{"loc":{"start":{"line":217,"column":17},"end":{"line":217,"column":79}},"type":"cond-expr","locations":[{"start":{"line":217,"column":30},"end":{"line":217,"column":52}},{"start":{"line":217,"column":55},"end":{"line":217,"column":79}}],"line":217},"20":{"loc":{"start":{"line":226,"column":18},"end":{"line":226,"column":100}},"type":"cond-expr","locations":[{"start":{"line":226,"column":26},"end":{"line":226,"column":91}},{"start":{"line":226,"column":95},"end":{"line":226,"column":100}}],"line":226},"21":{"loc":{"start":{"line":226,"column":26},"end":{"line":226,"column":91}},"type":"cond-expr","locations":[{"start":{"line":226,"column":39},"end":{"line":226,"column":69}},{"start":{"line":226,"column":72},"end":{"line":226,"column":91}}],"line":226},"22":{"loc":{"start":{"line":235,"column":7},"end":{"line":235,"column":79}},"type":"binary-expr","locations":[{"start":{"line":235,"column":7},"end":{"line":235,"column":12}},{"start":{"line":235,"column":16},"end":{"line":235,"column":79}}],"line":235},"23":{"loc":{"start":{"line":242,"column":11},"end":{"line":249,"column":11}},"type":"cond-expr","locations":[{"start":{"line":243,"column":12},"end":{"line":246,"column":15}},{"start":{"line":248,"column":12},"end":{"line":248,"column":24}}],"line":242}},"s":{"0":42,"1":42,"2":42,"3":42,"4":42,"5":42,"6":84,"7":0,"8":84,"9":42,"10":6,"11":0,"12":6,"13":42,"14":0,"15":0,"16":0,"17":42,"18":7,"19":7,"20":2,"21":2,"22":5,"23":0,"24":0,"25":5,"26":5,"27":5,"28":5,"29":5,"30":5,"31":5,"32":5,"33":5,"34":5,"35":4,"36":1,"37":1,"38":3,"39":3,"40":5,"41":42,"42":336,"43":42,"44":42,"45":42,"46":42,"47":42,"48":42,"49":42,"50":42,"51":0,"52":42,"53":363,"54":69,"55":42,"56":42,"57":42,"58":42,"59":42,"60":42,"61":42,"62":0,"63":42,"64":7,"65":336,"66":6,"67":6,"68":0,"69":0,"70":0},"f":{"0":42,"1":84,"2":6,"3":0,"4":7,"5":336,"6":363,"7":7,"8":336,"9":6,"10":0,"11":0},"b":{"0":[0,84],"1":[0,6],"2":[6,6],"3":[2,5],"4":[7,5,5],"5":[0,5],"6":[5,0],"7":[5,0],"8":[1,1],"9":[1,0],"10":[42,42,42,42,42,42,42,42,0],"11":[69,42,42,42,42,42,42,42,0],"12":[42,27],"13":[42,0],"14":[42,0],"15":[0,6],"16":[6,6,6],"17":[0,0],"18":[42,0],"19":[42,0],"20":[0,0],"21":[0,0],"22":[42,6],"23":[5,37]},"_coverageSchema":"1a1c01bbd47fc00a2c39e90264f33305004495a9","hash":"608cefba4ef9383b642e2a256edfd91867c70272"}
,"/Users/m.radojcic/Documents/git/work-manager/components/asset/asset-management.tsx": {"path":"/Users/m.radojcic/Documents/git/work-manager/components/asset/asset-management.tsx","statementMap":{"0":{"start":{"line":11,"column":30},"end":{"line":11,"column":58}},"1":{"start":{"line":12,"column":46},"end":{"line":12,"column":74}},"2":{"start":{"line":13,"column":36},"end":{"line":13,"column":50}},"3":{"start":{"line":14,"column":48},"end":{"line":14,"column":71}},"4":{"start":{"line":17,"column":22},"end":{"line":28,"column":3}},"5":{"start":{"line":18,"column":4},"end":{"line":18,"column":22}},"6":{"start":{"line":19,"column":4},"end":{"line":27,"column":5}},"7":{"start":{"line":20,"column":19},"end":{"line":20,"column":43}},"8":{"start":{"line":21,"column":6},"end":{"line":21,"column":21}},"9":{"start":{"line":22,"column":6},"end":{"line":22,"column":29}},"10":{"start":{"line":24,"column":6},"end":{"line":24,"column":52}},"11":{"start":{"line":26,"column":6},"end":{"line":26,"column":25}},"12":{"start":{"line":31,"column":2},"end":{"line":33,"column":8}},"13":{"start":{"line":32,"column":4},"end":{"line":32,"column":17}},"14":{"start":{"line":36,"column":2},"end":{"line":45,"column":31}},"15":{"start":{"line":37,"column":19},"end":{"line":37,"column":25}},"16":{"start":{"line":40,"column":4},"end":{"line":42,"column":5}},"17":{"start":{"line":41,"column":6},"end":{"line":41,"column":81}},"18":{"start":{"line":41,"column":44},"end":{"line":41,"column":80}},"19":{"start":{"line":44,"column":4},"end":{"line":44,"column":31}},"20":{"start":{"line":48,"column":28},"end":{"line":50,"column":3}},"21":{"start":{"line":49,"column":4},"end":{"line":49,"column":17}},"22":{"start":{"line":52,"column":2},"end":{"line":61,"column":3}}},"fnMap":{"0":{"name":"AssetManagement","decl":{"start":{"line":10,"column":16},"end":{"line":10,"column":31}},"loc":{"start":{"line":10,"column":34},"end":{"line":62,"column":1}},"line":10},"1":{"name":"(anonymous_1)","decl":{"start":{"line":17,"column":22},"end":{"line":17,"column":23}},"loc":{"start":{"line":17,"column":34},"end":{"line":28,"column":3}},"line":17},"2":{"name":"(anonymous_2)","decl":{"start":{"line":31,"column":12},"end":{"line":31,"column":13}},"loc":{"start":{"line":31,"column":18},"end":{"line":33,"column":3}},"line":31},"3":{"name":"(anonymous_3)","decl":{"start":{"line":36,"column":12},"end":{"line":36,"column":13}},"loc":{"start":{"line":36,"column":18},"end":{"line":45,"column":3}},"line":36},"4":{"name":"(anonymous_4)","decl":{"start":{"line":41,"column":33},"end":{"line":41,"column":34}},"loc":{"start":{"line":41,"column":44},"end":{"line":41,"column":80}},"line":41},"5":{"name":"(anonymous_5)","decl":{"start":{"line":48,"column":28},"end":{"line":48,"column":29}},"loc":{"start":{"line":48,"column":34},"end":{"line":50,"column":3}},"line":48}},"branchMap":{"0":{"loc":{"start":{"line":40,"column":4},"end":{"line":42,"column":5}},"type":"if","locations":[{"start":{"line":40,"column":4},"end":{"line":42,"column":5}},{"start":{},"end":{}}],"line":40}},"s":{"0":16,"1":16,"2":16,"3":16,"4":16,"5":5,"6":5,"7":5,"8":4,"9":4,"10":1,"11":5,"12":16,"13":4,"14":16,"15":9,"16":9,"17":1,"18":2,"19":9,"20":16,"21":1,"22":16},"f":{"0":16,"1":5,"2":4,"3":9,"4":2,"5":1},"b":{"0":[1,8]},"_coverageSchema":"1a1c01bbd47fc00a2c39e90264f33305004495a9","hash":"ea2a5904f3e2ae2da72ee80d266866b6e3260865"}
,"/Users/m.radojcic/Documents/git/work-manager/components/asset/asset-table.tsx": {"path":"/Users/m.radojcic/Documents/git/work-manager/components/asset/asset-table.tsx","statementMap":{"0":{"start":{"line":12,"column":23},"end":{"line":35,"column":3}},"1":{"start":{"line":13,"column":22},"end":{"line":13,"column":46}},"2":{"start":{"line":15,"column":4},"end":{"line":34,"column":5}},"3":{"start":{"line":17,"column":8},"end":{"line":17,"column":71}},"4":{"start":{"line":19,"column":8},"end":{"line":19,"column":77}},"5":{"start":{"line":21,"column":8},"end":{"line":21,"column":79}},"6":{"start":{"line":23,"column":8},"end":{"line":23,"column":73}},"7":{"start":{"line":25,"column":8},"end":{"line":25,"column":71}},"8":{"start":{"line":27,"column":8},"end":{"line":27,"column":72}},"9":{"start":{"line":29,"column":8},"end":{"line":29,"column":74}},"10":{"start":{"line":31,"column":8},"end":{"line":31,"column":78}},"11":{"start":{"line":33,"column":8},"end":{"line":33,"column":37}},"12":{"start":{"line":38,"column":21},"end":{"line":48,"column":3}},"13":{"start":{"line":39,"column":4},"end":{"line":47,"column":5}},"14":{"start":{"line":40,"column":6},"end":{"line":44,"column":8}},"15":{"start":{"line":46,"column":6},"end":{"line":46,"column":23}},"16":{"start":{"line":51,"column":27},"end":{"line":57,"column":3}},"17":{"start":{"line":52,"column":18},"end":{"line":52,"column":28}},"18":{"start":{"line":53,"column":19},"end":{"line":53,"column":39}},"19":{"start":{"line":54,"column":20},"end":{"line":54,"column":40}},"20":{"start":{"line":56,"column":4},"end":{"line":56,"column":46}},"21":{"start":{"line":59,"column":2},"end":{"line":61,"column":3}},"22":{"start":{"line":60,"column":4},"end":{"line":60,"column":76}},"23":{"start":{"line":63,"column":2},"end":{"line":69,"column":3}},"24":{"start":{"line":64,"column":4},"end":{"line":68,"column":5}},"25":{"start":{"line":71,"column":2},"end":{"line":112,"column":3}},"26":{"start":{"line":85,"column":31},"end":{"line":85,"column":58}},"27":{"start":{"line":86,"column":31},"end":{"line":86,"column":58}},"28":{"start":{"line":87,"column":29},"end":{"line":87,"column":109}},"29":{"start":{"line":88,"column":30},"end":{"line":88,"column":84}},"30":{"start":{"line":90,"column":12},"end":{"line":107,"column":13}}},"fnMap":{"0":{"name":"AssetTable","decl":{"start":{"line":10,"column":16},"end":{"line":10,"column":26}},"loc":{"start":{"line":10,"column":67},"end":{"line":113,"column":1}},"line":10},"1":{"name":"(anonymous_1)","decl":{"start":{"line":12,"column":23},"end":{"line":12,"column":24}},"loc":{"start":{"line":12,"column":49},"end":{"line":35,"column":3}},"line":12},"2":{"name":"(anonymous_2)","decl":{"start":{"line":38,"column":21},"end":{"line":38,"column":22}},"loc":{"start":{"line":38,"column":45},"end":{"line":48,"column":3}},"line":38},"3":{"name":"(anonymous_3)","decl":{"start":{"line":51,"column":27},"end":{"line":51,"column":28}},"loc":{"start":{"line":51,"column":71},"end":{"line":57,"column":3}},"line":51},"4":{"name":"(anonymous_4)","decl":{"start":{"line":84,"column":22},"end":{"line":84,"column":23}},"loc":{"start":{"line":84,"column":33},"end":{"line":108,"column":11}},"line":84}},"branchMap":{"0":{"loc":{"start":{"line":15,"column":4},"end":{"line":34,"column":5}},"type":"switch","locations":[{"start":{"line":16,"column":6},"end":{"line":17,"column":71}},{"start":{"line":18,"column":6},"end":{"line":19,"column":77}},{"start":{"line":20,"column":6},"end":{"line":21,"column":79}},{"start":{"line":22,"column":6},"end":{"line":23,"column":73}},{"start":{"line":24,"column":6},"end":{"line":25,"column":71}},{"start":{"line":26,"column":6},"end":{"line":27,"column":72}},{"start":{"line":28,"column":6},"end":{"line":29,"column":74}},{"start":{"line":30,"column":6},"end":{"line":31,"column":78}},{"start":{"line":32,"column":6},"end":{"line":33,"column":37}}],"line":15},"1":{"loc":{"start":{"line":56,"column":11},"end":{"line":56,"column":46}},"type":"binary-expr","locations":[{"start":{"line":56,"column":11},"end":{"line":56,"column":26}},{"start":{"line":56,"column":30},"end":{"line":56,"column":46}}],"line":56},"2":{"loc":{"start":{"line":59,"column":2},"end":{"line":61,"column":3}},"type":"if","locations":[{"start":{"line":59,"column":2},"end":{"line":61,"column":3}},{"start":{},"end":{}}],"line":59},"3":{"loc":{"start":{"line":63,"column":2},"end":{"line":69,"column":3}},"type":"if","locations":[{"start":{"line":63,"column":2},"end":{"line":69,"column":3}},{"start":{},"end":{}}],"line":63},"4":{"loc":{"start":{"line":102,"column":32},"end":{"line":102,"column":63}},"type":"cond-expr","locations":[{"start":{"line":102,"column":49},"end":{"line":102,"column":54}},{"start":{"line":102,"column":57},"end":{"line":102,"column":63}}],"line":102}},"s":{"0":4,"1":10,"2":10,"3":2,"4":2,"5":1,"6":1,"7":1,"8":1,"9":1,"10":1,"11":0,"12":4,"13":30,"14":30,"15":0,"16":4,"17":10,"18":10,"19":10,"20":10,"21":4,"22":1,"23":3,"24":1,"25":2,"26":10,"27":10,"28":10,"29":10,"30":10},"f":{"0":4,"1":10,"2":30,"3":10,"4":10},"b":{"0":[2,2,1,1,1,1,1,1,0],"1":[10,10],"2":[1,3],"3":[1,2],"4":[0,10]},"_coverageSchema":"1a1c01bbd47fc00a2c39e90264f33305004495a9","hash":"0bec0b6d717a82d73ecd875a8f230b3a7ef8b099"}
}
