{"/Users/m.radojcic/Documents/git/work-manager/app/layout.tsx": {"path":"/Users/m.radojcic/Documents/git/work-manager/app/layout.tsx","statementMap":{"0":{"start":{"line":6,"column":14},"end":{"line":6,"column":null}},"1":{"start":{"line":8,"column":24},"end":{"line":12,"column":1}},"2":{"start":{"line":19,"column":2},"end":{"line":23,"column":null}}},"fnMap":{"0":{"name":"RootLayout","decl":{"start":{"line":14,"column":24},"end":{"line":14,"column":35}},"loc":{"start":{"line":18,"column":1},"end":{"line":28,"column":null}}}},"branchMap":{},"s":{"0":0,"1":0,"2":0},"f":{"0":0},"b":{}}
,"/Users/m.radojcic/Documents/git/work-manager/app/loading.tsx": {"path":"/Users/m.radojcic/Documents/git/work-manager/app/loading.tsx","statementMap":{"0":{"start":{"line":2,"column":2},"end":{"line":2,"column":null}}},"fnMap":{"0":{"name":"Loading","decl":{"start":{"line":1,"column":24},"end":{"line":1,"column":null}},"loc":{"start":{"line":1,"column":24},"end":{"line":3,"column":null}}}},"branchMap":{},"s":{"0":0},"f":{"0":0},"b":{}}
,"/Users/m.radojcic/Documents/git/work-manager/app/page.tsx": {"path":"/Users/m.radojcic/Documents/git/work-manager/app/page.tsx","statementMap":{"0":{"start":{"line":7,"column":2},"end":{"line":13,"column":null}}},"fnMap":{"0":{"name":"Dashboard","decl":{"start":{"line":6,"column":24},"end":{"line":6,"column":null}},"loc":{"start":{"line":6,"column":24},"end":{"line":17,"column":null}}}},"branchMap":{},"s":{"0":0},"f":{"0":0},"b":{}}
,"/Users/m.radojcic/Documents/git/work-manager/app/asset-booking/page.tsx": {"path":"/Users/m.radojcic/Documents/git/work-manager/app/asset-booking/page.tsx","statementMap":{"0":{"start":{"line":6,"column":2},"end":{"line":21,"column":null}}},"fnMap":{"0":{"name":"AssetBookingPage","decl":{"start":{"line":5,"column":24},"end":{"line":5,"column":null}},"loc":{"start":{"line":5,"column":24},"end":{"line":25,"column":null}}}},"branchMap":{},"s":{"0":0},"f":{"0":0},"b":{}}
,"/Users/m.radojcic/Documents/git/work-manager/app/corporate-travel/page.tsx": {"path":"/Users/m.radojcic/Documents/git/work-manager/app/corporate-travel/page.tsx","statementMap":{"0":{"start":{"line":6,"column":2},"end":{"line":41,"column":null}}},"fnMap":{"0":{"name":"CorporateTravelPage","decl":{"start":{"line":5,"column":24},"end":{"line":5,"column":null}},"loc":{"start":{"line":5,"column":24},"end":{"line":48,"column":null}}}},"branchMap":{},"s":{"0":0},"f":{"0":0},"b":{}}
,"/Users/m.radojcic/Documents/git/work-manager/app/education-social/page.tsx": {"path":"/Users/m.radojcic/Documents/git/work-manager/app/education-social/page.tsx","statementMap":{"0":{"start":{"line":6,"column":2},"end":{"line":41,"column":null}}},"fnMap":{"0":{"name":"EducationSocialPage","decl":{"start":{"line":5,"column":24},"end":{"line":5,"column":null}},"loc":{"start":{"line":5,"column":24},"end":{"line":48,"column":null}}}},"branchMap":{},"s":{"0":0},"f":{"0":0},"b":{}}
,"/Users/m.radojcic/Documents/git/work-manager/app/expense-report/page.tsx": {"path":"/Users/m.radojcic/Documents/git/work-manager/app/expense-report/page.tsx","statementMap":{"0":{"start":{"line":6,"column":2},"end":{"line":21,"column":null}}},"fnMap":{"0":{"name":"ExpenseReportPage","decl":{"start":{"line":5,"column":24},"end":{"line":5,"column":null}},"loc":{"start":{"line":5,"column":24},"end":{"line":25,"column":null}}}},"branchMap":{},"s":{"0":0},"f":{"0":0},"b":{}}
,"/Users/m.radojcic/Documents/git/work-manager/app/maintenance-issues/page.tsx": {"path":"/Users/m.radojcic/Documents/git/work-manager/app/maintenance-issues/page.tsx","statementMap":{"0":{"start":{"line":6,"column":2},"end":{"line":21,"column":null}}},"fnMap":{"0":{"name":"MaintenanceIssuesPage","decl":{"start":{"line":5,"column":24},"end":{"line":5,"column":null}},"loc":{"start":{"line":5,"column":24},"end":{"line":25,"column":null}}}},"branchMap":{},"s":{"0":0},"f":{"0":0},"b":{}}
,"/Users/m.radojcic/Documents/git/work-manager/app/sick-leave/page.tsx": {"path":"/Users/m.radojcic/Documents/git/work-manager/app/sick-leave/page.tsx","statementMap":{"0":{"start":{"line":6,"column":2},"end":{"line":21,"column":null}}},"fnMap":{"0":{"name":"SickLeavePage","decl":{"start":{"line":5,"column":24},"end":{"line":5,"column":null}},"loc":{"start":{"line":5,"column":24},"end":{"line":25,"column":null}}}},"branchMap":{},"s":{"0":0},"f":{"0":0},"b":{}}
,"/Users/m.radojcic/Documents/git/work-manager/components/activity-timeline.tsx": {"path":"/Users/m.radojcic/Documents/git/work-manager/components/activity-timeline.tsx","statementMap":{"0":{"start":{"line":19,"column":37},"end":{"line":64,"column":null}},"1":{"start":{"line":66,"column":27},"end":{"line":83,"column":null}},"2":{"start":{"line":67,"column":4},"end":{"line":82,"column":null}},"3":{"start":{"line":69,"column":8},"end":{"line":69,"column":null}},"4":{"start":{"line":71,"column":8},"end":{"line":71,"column":null}},"5":{"start":{"line":73,"column":8},"end":{"line":73,"column":null}},"6":{"start":{"line":75,"column":8},"end":{"line":75,"column":null}},"7":{"start":{"line":77,"column":8},"end":{"line":77,"column":null}},"8":{"start":{"line":79,"column":8},"end":{"line":79,"column":null}},"9":{"start":{"line":81,"column":8},"end":{"line":81,"column":null}},"10":{"start":{"line":85,"column":2},"end":{"line":109,"column":null}},"11":{"start":{"line":93,"column":12},"end":{"line":109,"column":null}}},"fnMap":{"0":{"name":"ActivityTimeline","decl":{"start":{"line":18,"column":16},"end":{"line":18,"column":null}},"loc":{"start":{"line":18,"column":16},"end":{"line":118,"column":null}}},"1":{"name":"(anonymous_1)","decl":{"start":{"line":66,"column":27},"end":{"line":66,"column":28}},"loc":{"start":{"line":66,"column":28},"end":{"line":83,"column":null}}},"2":{"name":"(anonymous_2)","decl":{"start":{"line":92,"column":26},"end":{"line":92,"column":27}},"loc":{"start":{"line":93,"column":12},"end":{"line":109,"column":null}}}},"branchMap":{"0":{"loc":{"start":{"line":67,"column":4},"end":{"line":82,"column":null}},"type":"switch","locations":[{"start":{"line":68,"column":6},"end":{"line":69,"column":null}},{"start":{"line":70,"column":6},"end":{"line":71,"column":null}},{"start":{"line":72,"column":6},"end":{"line":73,"column":null}},{"start":{"line":74,"column":6},"end":{"line":75,"column":null}},{"start":{"line":76,"column":6},"end":{"line":77,"column":null}},{"start":{"line":78,"column":6},"end":{"line":79,"column":null}},{"start":{"line":80,"column":6},"end":{"line":81,"column":null}}]},"1":{"loc":{"start":{"line":96,"column":36},"end":{"line":96,"column":80}},"type":"binary-expr","locations":[{"start":{"line":96,"column":36},"end":{"line":96,"column":56}},{"start":{"line":96,"column":60},"end":{"line":96,"column":80}}]}},"s":{"0":0,"1":0,"2":0,"3":0,"4":0,"5":0,"6":0,"7":0,"8":0,"9":0,"10":0,"11":0},"f":{"0":0,"1":0,"2":0},"b":{"0":[0,0,0,0,0,0,0],"1":[0,0]}}
,"/Users/m.radojcic/Documents/git/work-manager/components/expense-stats.tsx": {"path":"/Users/m.radojcic/Documents/git/work-manager/components/expense-stats.tsx","statementMap":{"0":{"start":{"line":6,"column":23},"end":{"line":6,"column":null}}},"fnMap":{"0":{"name":"ExpenseStats","decl":{"start":{"line":5,"column":22},"end":{"line":5,"column":null}},"loc":{"start":{"line":5,"column":22},"end":{"line":17,"column":null}}}},"branchMap":{},"s":{"0":0},"f":{"0":0},"b":{}}
,"/Users/m.radojcic/Documents/git/work-manager/components/feature-card-wrapper.tsx": {"path":"/Users/m.radojcic/Documents/git/work-manager/components/feature-card-wrapper.tsx","statementMap":{"0":{"start":{"line":27,"column":2},"end":{"line":42,"column":null}}},"fnMap":{"0":{"name":"FeatureCardWrapper","decl":{"start":{"line":17,"column":16},"end":{"line":17,"column":35}},"loc":{"start":{"line":26,"column":26},"end":{"line":47,"column":null}}}},"branchMap":{},"s":{"0":0},"f":{"0":0},"b":{}}
,"/Users/m.radojcic/Documents/git/work-manager/components/feature-card.tsx": {"path":"/Users/m.radojcic/Documents/git/work-manager/components/feature-card.tsx","statementMap":{"0":{"start":{"line":14,"column":16},"end":{"line":14,"column":28}},"1":{"start":{"line":1,"column":18},"end":{"line":1,"column":null}},"2":{"start":{"line":2,"column":17},"end":{"line":2,"column":null}},"3":{"start":{"line":3,"column":34},"end":{"line":3,"column":null}},"4":{"start":{"line":15,"column":2},"end":{"line":27,"column":null}}},"fnMap":{"0":{"name":"FeatureCard","decl":{"start":{"line":14,"column":16},"end":{"line":14,"column":28}},"loc":{"start":{"line":14,"column":93},"end":{"line":32,"column":null}}}},"branchMap":{},"s":{"0":10,"1":1,"2":1,"3":1,"4":10},"f":{"0":10},"b":{}}
,"/Users/m.radojcic/Documents/git/work-manager/components/feature-cards-grid-fixed.tsx": {"path":"/Users/m.radojcic/Documents/git/work-manager/components/feature-cards-grid-fixed.tsx","statementMap":{"0":{"start":{"line":5,"column":19},"end":{"line":66,"column":null}}},"fnMap":{"0":{"name":"FeatureCardsGridFixed","decl":{"start":{"line":4,"column":16},"end":{"line":4,"column":null}},"loc":{"start":{"line":4,"column":16},"end":{"line":85,"column":null}}}},"branchMap":{},"s":{"0":0},"f":{"0":0},"b":{}}
,"/Users/m.radojcic/Documents/git/work-manager/components/feature-cards-grid.tsx": {"path":"/Users/m.radojcic/Documents/git/work-manager/components/feature-cards-grid.tsx","statementMap":{"0":{"start":{"line":5,"column":19},"end":{"line":48,"column":null}}},"fnMap":{"0":{"name":"FeatureCardsGrid","decl":{"start":{"line":4,"column":16},"end":{"line":4,"column":null}},"loc":{"start":{"line":4,"column":16},"end":{"line":64,"column":null}}}},"branchMap":{},"s":{"0":0},"f":{"0":0},"b":{}}
,"/Users/m.radojcic/Documents/git/work-manager/components/header.tsx": {"path":"/Users/m.radojcic/Documents/git/work-manager/components/header.tsx","statementMap":{"0":{"start":{"line":7,"column":2},"end":{"line":27,"column":null}}},"fnMap":{"0":{"name":"Header","decl":{"start":{"line":6,"column":16},"end":{"line":6,"column":null}},"loc":{"start":{"line":6,"column":16},"end":{"line":34,"column":null}}}},"branchMap":{},"s":{"0":0},"f":{"0":0},"b":{}}
,"/Users/m.radojcic/Documents/git/work-manager/components/sick-leave-stats.tsx": {"path":"/Users/m.radojcic/Documents/git/work-manager/components/sick-leave-stats.tsx","statementMap":{"0":{"start":{"line":6,"column":2},"end":{"line":21,"column":null}},"1":{"start":{"line":7,"column":29},"end":{"line":10,"column":null}},"2":{"start":{"line":12,"column":4},"end":{"line":15,"column":null}},"3":{"start":{"line":13,"column":6},"end":{"line":13,"column":null}},"4":{"start":{"line":14,"column":6},"end":{"line":14,"column":null}},"5":{"start":{"line":17,"column":4},"end":{"line":17,"column":null}},"6":{"start":{"line":19,"column":4},"end":{"line":19,"column":null}},"7":{"start":{"line":20,"column":4},"end":{"line":20,"column":null}},"8":{"start":{"line":25,"column":23},"end":{"line":25,"column":null}}},"fnMap":{"0":{"name":"getSickLeaveCount","decl":{"start":{"line":5,"column":15},"end":{"line":5,"column":null}},"loc":{"start":{"line":5,"column":15},"end":{"line":22,"column":null}}},"1":{"name":"SickLeaveStats","decl":{"start":{"line":24,"column":22},"end":{"line":24,"column":null}},"loc":{"start":{"line":24,"column":22},"end":{"line":36,"column":null}}}},"branchMap":{"0":{"loc":{"start":{"line":12,"column":4},"end":{"line":15,"column":null}},"type":"if","locations":[{"start":{"line":12,"column":4},"end":{"line":15,"column":null}}]},"1":{"loc":{"start":{"line":17,"column":11},"end":{"line":17,"column":null}},"type":"binary-expr","locations":[{"start":{"line":17,"column":11},"end":{"line":17,"column":20}},{"start":{"line":17,"column":20},"end":{"line":17,"column":null}}]}},"s":{"0":0,"1":0,"2":0,"3":0,"4":0,"5":0,"6":0,"7":0,"8":0},"f":{"0":0,"1":0},"b":{"0":[0],"1":[0,0]}}
,"/Users/m.radojcic/Documents/git/work-manager/components/stats-card-wrapper.tsx": {"path":"/Users/m.radojcic/Documents/git/work-manager/components/stats-card-wrapper.tsx","statementMap":{},"fnMap":{"0":{"name":"StatsCardWrapper","decl":{"start":{"line":13,"column":16},"end":{"line":13,"column":33}},"loc":{"start":{"line":13,"column":104},"end":{"line":27,"column":null}}}},"branchMap":{},"s":{},"f":{"0":0},"b":{}}
,"/Users/m.radojcic/Documents/git/work-manager/components/stats-card.tsx": {"path":"/Users/m.radojcic/Documents/git/work-manager/components/stats-card.tsx","statementMap":{},"fnMap":{"0":{"name":"StatsCard","decl":{"start":{"line":11,"column":16},"end":{"line":11,"column":26}},"loc":{"start":{"line":11,"column":77},"end":{"line":25,"column":null}}}},"branchMap":{},"s":{},"f":{"0":0},"b":{}}
,"/Users/m.radojcic/Documents/git/work-manager/components/stats-grid-fixed.tsx": {"path":"/Users/m.radojcic/Documents/git/work-manager/components/stats-grid-fixed.tsx","statementMap":{"0":{"start":{"line":7,"column":21},"end":{"line":22,"column":null}}},"fnMap":{"0":{"name":"StatsGridFixed","decl":{"start":{"line":6,"column":16},"end":{"line":6,"column":null}},"loc":{"start":{"line":6,"column":16},"end":{"line":40,"column":null}}}},"branchMap":{},"s":{"0":0},"f":{"0":0},"b":{}}
,"/Users/m.radojcic/Documents/git/work-manager/components/stats-grid.tsx": {"path":"/Users/m.radojcic/Documents/git/work-manager/components/stats-grid.tsx","statementMap":{"0":{"start":{"line":5,"column":16},"end":{"line":30,"column":null}}},"fnMap":{"0":{"name":"StatsGrid","decl":{"start":{"line":4,"column":16},"end":{"line":4,"column":null}},"loc":{"start":{"line":4,"column":16},"end":{"line":39,"column":null}}}},"branchMap":{},"s":{"0":0},"f":{"0":0},"b":{}}
,"/Users/m.radojcic/Documents/git/work-manager/components/theme-provider.tsx": {"path":"/Users/m.radojcic/Documents/git/work-manager/components/theme-provider.tsx","statementMap":{"0":{"start":{"line":10,"column":2},"end":{"line":10,"column":null}}},"fnMap":{"0":{"name":"ThemeProvider","decl":{"start":{"line":9,"column":16},"end":{"line":9,"column":30}},"loc":{"start":{"line":9,"column":72},"end":{"line":11,"column":null}}}},"branchMap":{},"s":{"0":0},"f":{"0":0},"b":{}}
,"/Users/m.radojcic/Documents/git/work-manager/components/welcome-section.tsx": {"path":"/Users/m.radojcic/Documents/git/work-manager/components/welcome-section.tsx","statementMap":{"0":{"start":{"line":2,"column":2},"end":{"line":5,"column":null}}},"fnMap":{"0":{"name":"WelcomeSection","decl":{"start":{"line":1,"column":16},"end":{"line":1,"column":null}},"loc":{"start":{"line":1,"column":16},"end":{"line":8,"column":null}}}},"branchMap":{},"s":{"0":0},"f":{"0":0},"b":{}}
,"/Users/m.radojcic/Documents/git/work-manager/components/asset/asset-book-button.tsx": {"path":"/Users/m.radojcic/Documents/git/work-manager/components/asset/asset-book-button.tsx","statementMap":{"0":{"start":{"line":14,"column":42},"end":{"line":14,"column":null}},"1":{"start":{"line":16,"column":24},"end":{"line":19,"column":null}},"2":{"start":{"line":17,"column":4},"end":{"line":17,"column":null}},"3":{"start":{"line":18,"column":4},"end":{"line":18,"column":null}},"4":{"start":{"line":23,"column":29},"end":{"line":23,"column":52}}},"fnMap":{"0":{"name":"AssetBookButton","decl":{"start":{"line":13,"column":16},"end":{"line":13,"column":32}},"loc":{"start":{"line":13,"column":71},"end":{"line":39,"column":null}}},"1":{"name":"(anonymous_1)","decl":{"start":{"line":16,"column":24},"end":{"line":16,"column":null}},"loc":{"start":{"line":16,"column":24},"end":{"line":19,"column":null}}},"2":{"name":"(anonymous_2)","decl":{"start":{"line":23,"column":23},"end":{"line":23,"column":29}},"loc":{"start":{"line":23,"column":29},"end":{"line":23,"column":52}}}},"branchMap":{},"s":{"0":0,"1":0,"2":0,"3":0,"4":0},"f":{"0":0,"1":0,"2":0},"b":{}}
,"/Users/m.radojcic/Documents/git/work-manager/components/asset/asset-filters.tsx": {"path":"/Users/m.radojcic/Documents/git/work-manager/components/asset/asset-filters.tsx","statementMap":{"0":{"start":{"line":12,"column":2},"end":{"line":23,"column":null}},"1":{"start":{"line":22,"column":14},"end":{"line":23,"column":null}}},"fnMap":{"0":{"name":"AssetFilters","decl":{"start":{"line":11,"column":16},"end":{"line":11,"column":29}},"loc":{"start":{"line":11,"column":87},"end":{"line":31,"column":null}}},"1":{"name":"(anonymous_1)","decl":{"start":{"line":21,"column":29},"end":{"line":21,"column":30}},"loc":{"start":{"line":22,"column":14},"end":{"line":23,"column":null}}}},"branchMap":{},"s":{"0":0,"1":0},"f":{"0":0,"1":0},"b":{}}
,"/Users/m.radojcic/Documents/git/work-manager/components/asset/asset-form.tsx": {"path":"/Users/m.radojcic/Documents/git/work-manager/components/asset/asset-form.tsx","statementMap":{"0":{"start":{"line":22,"column":36},"end":{"line":22,"column":null}},"1":{"start":{"line":23,"column":38},"end":{"line":23,"column":null}},"2":{"start":{"line":24,"column":38},"end":{"line":24,"column":null}},"3":{"start":{"line":25,"column":42},"end":{"line":25,"column":null}},"4":{"start":{"line":26,"column":28},"end":{"line":26,"column":null}},"5":{"start":{"line":29,"column":21},"end":{"line":36,"column":null}},"6":{"start":{"line":30,"column":4},"end":{"line":30,"column":null}},"7":{"start":{"line":30,"column":15},"end":{"line":30,"column":null}},"8":{"start":{"line":31,"column":4},"end":{"line":35,"column":null}},"9":{"start":{"line":39,"column":23},"end":{"line":42,"column":null}},"10":{"start":{"line":40,"column":4},"end":{"line":40,"column":null}},"11":{"start":{"line":40,"column":26},"end":{"line":40,"column":null}},"12":{"start":{"line":41,"column":4},"end":{"line":41,"column":null}},"13":{"start":{"line":45,"column":24},"end":{"line":49,"column":null}},"14":{"start":{"line":46,"column":18},"end":{"line":46,"column":null}},"15":{"start":{"line":47,"column":4},"end":{"line":47,"column":null}},"16":{"start":{"line":48,"column":4},"end":{"line":48,"column":null}},"17":{"start":{"line":51,"column":23},"end":{"line":95,"column":null}},"18":{"start":{"line":52,"column":4},"end":{"line":52,"column":null}},"19":{"start":{"line":54,"column":4},"end":{"line":57,"column":null}},"20":{"start":{"line":55,"column":6},"end":{"line":55,"column":null}},"21":{"start":{"line":56,"column":6},"end":{"line":56,"column":null}},"22":{"start":{"line":59,"column":4},"end":{"line":62,"column":null}},"23":{"start":{"line":60,"column":6},"end":{"line":60,"column":null}},"24":{"start":{"line":61,"column":6},"end":{"line":61,"column":null}},"25":{"start":{"line":64,"column":4},"end":{"line":64,"column":null}},"26":{"start":{"line":65,"column":4},"end":{"line":65,"column":null}},"27":{"start":{"line":67,"column":4},"end":{"line":94,"column":null}},"28":{"start":{"line":69,"column":34},"end":{"line":71,"column":null}},"29":{"start":{"line":72,"column":34},"end":{"line":74,"column":null}},"30":{"start":{"line":77,"column":23},"end":{"line":77,"column":null}},"31":{"start":{"line":78,"column":6},"end":{"line":78,"column":null}},"32":{"start":{"line":79,"column":6},"end":{"line":79,"column":null}},"33":{"start":{"line":80,"column":6},"end":{"line":80,"column":null}},"34":{"start":{"line":82,"column":21},"end":{"line":82,"column":null}},"35":{"start":{"line":84,"column":6},"end":{"line":88,"column":null}},"36":{"start":{"line":85,"column":8},"end":{"line":85,"column":null}},"37":{"start":{"line":87,"column":8},"end":{"line":87,"column":null}},"38":{"start":{"line":90,"column":6},"end":{"line":90,"column":null}},"39":{"start":{"line":91,"column":6},"end":{"line":91,"column":null}},"40":{"start":{"line":93,"column":6},"end":{"line":93,"column":null}},"41":{"start":{"line":98,"column":24},"end":{"line":119,"column":null}},"42":{"start":{"line":99,"column":4},"end":{"line":118,"column":null}},"43":{"start":{"line":101,"column":8},"end":{"line":101,"column":null}},"44":{"start":{"line":103,"column":8},"end":{"line":103,"column":null}},"45":{"start":{"line":105,"column":8},"end":{"line":105,"column":null}},"46":{"start":{"line":107,"column":8},"end":{"line":107,"column":null}},"47":{"start":{"line":109,"column":8},"end":{"line":109,"column":null}},"48":{"start":{"line":111,"column":8},"end":{"line":111,"column":null}},"49":{"start":{"line":113,"column":8},"end":{"line":113,"column":null}},"50":{"start":{"line":115,"column":8},"end":{"line":115,"column":null}},"51":{"start":{"line":117,"column":8},"end":{"line":117,"column":null}},"52":{"start":{"line":122,"column":24},"end":{"line":143,"column":null}},"53":{"start":{"line":123,"column":4},"end":{"line":142,"column":null}},"54":{"start":{"line":125,"column":8},"end":{"line":125,"column":null}},"55":{"start":{"line":127,"column":8},"end":{"line":127,"column":null}},"56":{"start":{"line":129,"column":8},"end":{"line":129,"column":null}},"57":{"start":{"line":131,"column":8},"end":{"line":131,"column":null}},"58":{"start":{"line":133,"column":8},"end":{"line":133,"column":null}},"59":{"start":{"line":135,"column":8},"end":{"line":135,"column":null}},"60":{"start":{"line":137,"column":8},"end":{"line":137,"column":null}},"61":{"start":{"line":139,"column":8},"end":{"line":139,"column":null}},"62":{"start":{"line":141,"column":8},"end":{"line":141,"column":null}},"63":{"start":{"line":145,"column":2},"end":{"line":248,"column":null}},"64":{"start":{"line":149,"column":60},"end":{"line":149,"column":null}},"65":{"start":{"line":162,"column":14},"end":{"line":165,"column":null}},"66":{"start":{"line":193,"column":18},"end":{"line":193,"column":null}},"67":{"start":{"line":195,"column":18},"end":{"line":197,"column":null}},"68":{"start":{"line":196,"column":20},"end":{"line":196,"column":null}},"69":{"start":{"line":199,"column":37},"end":{"line":199,"column":null}},"70":{"start":{"line":226,"column":18},"end":{"line":226,"column":null}}},"fnMap":{"0":{"name":"AssetForm","decl":{"start":{"line":21,"column":16},"end":{"line":21,"column":26}},"loc":{"start":{"line":21,"column":55},"end":{"line":254,"column":null}}},"1":{"name":"(anonymous_1)","decl":{"start":{"line":29,"column":21},"end":{"line":29,"column":22}},"loc":{"start":{"line":29,"column":22},"end":{"line":36,"column":null}}},"2":{"name":"(anonymous_2)","decl":{"start":{"line":39,"column":23},"end":{"line":39,"column":24}},"loc":{"start":{"line":39,"column":49},"end":{"line":42,"column":null}}},"3":{"name":"(anonymous_3)","decl":{"start":{"line":45,"column":24},"end":{"line":45,"column":25}},"loc":{"start":{"line":45,"column":25},"end":{"line":49,"column":null}}},"4":{"name":"(anonymous_4)","decl":{"start":{"line":51,"column":23},"end":{"line":51,"column":30}},"loc":{"start":{"line":51,"column":30},"end":{"line":95,"column":null}}},"5":{"name":"(anonymous_5)","decl":{"start":{"line":98,"column":24},"end":{"line":98,"column":25}},"loc":{"start":{"line":98,"column":25},"end":{"line":119,"column":null}}},"6":{"name":"(anonymous_6)","decl":{"start":{"line":122,"column":24},"end":{"line":122,"column":25}},"loc":{"start":{"line":122,"column":25},"end":{"line":143,"column":null}}},"7":{"name":"(anonymous_7)","decl":{"start":{"line":149,"column":49},"end":{"line":149,"column":50}},"loc":{"start":{"line":149,"column":60},"end":{"line":149,"column":null}}},"8":{"name":"(anonymous_8)","decl":{"start":{"line":161,"column":29},"end":{"line":161,"column":30}},"loc":{"start":{"line":162,"column":14},"end":{"line":165,"column":null}}},"9":{"name":"(anonymous_9)","decl":{"start":{"line":192,"column":26},"end":{"line":192,"column":27}},"loc":{"start":{"line":192,"column":27},"end":{"line":198,"column":null}}},"10":{"name":"(anonymous_10)","decl":{"start":{"line":199,"column":26},"end":{"line":199,"column":27}},"loc":{"start":{"line":199,"column":37},"end":{"line":199,"column":null}}},"11":{"name":"(anonymous_11)","decl":{"start":{"line":225,"column":26},"end":{"line":225,"column":27}},"loc":{"start":{"line":226,"column":18},"end":{"line":226,"column":null}}}},"branchMap":{"0":{"loc":{"start":{"line":30,"column":4},"end":{"line":30,"column":null}},"type":"if","locations":[{"start":{"line":30,"column":4},"end":{"line":30,"column":null}}]},"1":{"loc":{"start":{"line":40,"column":4},"end":{"line":40,"column":null}},"type":"if","locations":[{"start":{"line":40,"column":4},"end":{"line":40,"column":null}}]},"2":{"loc":{"start":{"line":40,"column":8},"end":{"line":40,"column":26}},"type":"binary-expr","locations":[{"start":{"line":40,"column":8},"end":{"line":40,"column":18}},{"start":{"line":40,"column":18},"end":{"line":40,"column":26}}]},"3":{"loc":{"start":{"line":54,"column":4},"end":{"line":57,"column":null}},"type":"if","locations":[{"start":{"line":54,"column":4},"end":{"line":57,"column":null}}]},"4":{"loc":{"start":{"line":54,"column":8},"end":{"line":54,"column":50}},"type":"binary-expr","locations":[{"start":{"line":54,"column":8},"end":{"line":54,"column":22}},{"start":{"line":54,"column":22},"end":{"line":54,"column":37}},{"start":{"line":54,"column":37},"end":{"line":54,"column":50}}]},"5":{"loc":{"start":{"line":59,"column":4},"end":{"line":62,"column":null}},"type":"if","locations":[{"start":{"line":59,"column":4},"end":{"line":62,"column":null}}]},"6":{"loc":{"start":{"line":69,"column":34},"end":{"line":71,"column":null}},"type":"cond-expr","locations":[{"start":{"line":70,"column":10},"end":{"line":70,"column":142}},{"start":{"line":71,"column":10},"end":{"line":71,"column":null}}]},"7":{"loc":{"start":{"line":72,"column":34},"end":{"line":74,"column":null}},"type":"cond-expr","locations":[{"start":{"line":73,"column":10},"end":{"line":73,"column":142}},{"start":{"line":74,"column":10},"end":{"line":74,"column":null}}]},"8":{"loc":{"start":{"line":84,"column":6},"end":{"line":88,"column":null}},"type":"if","locations":[{"start":{"line":84,"column":6},"end":{"line":88,"column":null}},{"start":{"line":86,"column":13},"end":{"line":88,"column":null}}]},"9":{"loc":{"start":{"line":87,"column":17},"end":{"line":87,"column":null}},"type":"binary-expr","locations":[{"start":{"line":87,"column":17},"end":{"line":87,"column":29}},{"start":{"line":87,"column":33},"end":{"line":87,"column":null}}]},"10":{"loc":{"start":{"line":99,"column":4},"end":{"line":118,"column":null}},"type":"switch","locations":[{"start":{"line":100,"column":6},"end":{"line":101,"column":null}},{"start":{"line":102,"column":6},"end":{"line":103,"column":null}},{"start":{"line":104,"column":6},"end":{"line":105,"column":null}},{"start":{"line":106,"column":6},"end":{"line":107,"column":null}},{"start":{"line":108,"column":6},"end":{"line":109,"column":null}},{"start":{"line":110,"column":6},"end":{"line":111,"column":null}},{"start":{"line":112,"column":6},"end":{"line":113,"column":null}},{"start":{"line":114,"column":6},"end":{"line":115,"column":null}},{"start":{"line":116,"column":6},"end":{"line":117,"column":null}}]},"11":{"loc":{"start":{"line":123,"column":4},"end":{"line":142,"column":null}},"type":"switch","locations":[{"start":{"line":124,"column":6},"end":{"line":125,"column":null}},{"start":{"line":126,"column":6},"end":{"line":127,"column":null}},{"start":{"line":128,"column":6},"end":{"line":129,"column":null}},{"start":{"line":130,"column":6},"end":{"line":131,"column":null}},{"start":{"line":132,"column":6},"end":{"line":133,"column":null}},{"start":{"line":134,"column":6},"end":{"line":135,"column":null}},{"start":{"line":136,"column":6},"end":{"line":137,"column":null}},{"start":{"line":138,"column":6},"end":{"line":139,"column":null}},{"start":{"line":140,"column":6},"end":{"line":141,"column":null}}]},"12":{"loc":{"start":{"line":152,"column":15},"end":{"line":155,"column":null}},"type":"binary-expr","locations":[{"start":{"line":152,"column":15},"end":{"line":152,"column":null}},{"start":{"line":153,"column":16},"end":{"line":155,"column":null}}]},"13":{"loc":{"start":{"line":182,"column":76},"end":{"line":182,"column":null}},"type":"binary-expr","locations":[{"start":{"line":182,"column":76},"end":{"line":182,"column":91}},{"start":{"line":182,"column":91},"end":{"line":182,"column":null}}]},"14":{"loc":{"start":{"line":185,"column":17},"end":{"line":185,"column":null}},"type":"cond-expr","locations":[{"start":{"line":185,"column":30},"end":{"line":185,"column":55}},{"start":{"line":185,"column":55},"end":{"line":185,"column":null}}]},"15":{"loc":{"start":{"line":195,"column":18},"end":{"line":197,"column":null}},"type":"if","locations":[{"start":{"line":195,"column":18},"end":{"line":197,"column":null}}]},"16":{"loc":{"start":{"line":195,"column":22},"end":{"line":195,"column":76}},"type":"binary-expr","locations":[{"start":{"line":195,"column":22},"end":{"line":195,"column":36}},{"start":{"line":195,"column":36},"end":{"line":195,"column":44}},{"start":{"line":195,"column":44},"end":{"line":195,"column":76}}]},"17":{"loc":{"start":{"line":199,"column":37},"end":{"line":199,"column":null}},"type":"cond-expr","locations":[{"start":{"line":199,"column":44},"end":{"line":199,"column":66}},{"start":{"line":199,"column":66},"end":{"line":199,"column":null}}]},"18":{"loc":{"start":{"line":214,"column":76},"end":{"line":214,"column":null}},"type":"binary-expr","locations":[{"start":{"line":214,"column":76},"end":{"line":214,"column":91}},{"start":{"line":214,"column":91},"end":{"line":214,"column":null}}]},"19":{"loc":{"start":{"line":217,"column":17},"end":{"line":217,"column":null}},"type":"cond-expr","locations":[{"start":{"line":217,"column":30},"end":{"line":217,"column":55}},{"start":{"line":217,"column":55},"end":{"line":217,"column":null}}]},"20":{"loc":{"start":{"line":226,"column":18},"end":{"line":226,"column":null}},"type":"cond-expr","locations":[{"start":{"line":226,"column":26},"end":{"line":226,"column":95}},{"start":{"line":226,"column":95},"end":{"line":226,"column":null}}]},"21":{"loc":{"start":{"line":226,"column":26},"end":{"line":226,"column":95}},"type":"cond-expr","locations":[{"start":{"line":226,"column":39},"end":{"line":226,"column":72}},{"start":{"line":226,"column":72},"end":{"line":226,"column":95}}]},"22":{"loc":{"start":{"line":235,"column":7},"end":{"line":235,"column":null}},"type":"binary-expr","locations":[{"start":{"line":235,"column":7},"end":{"line":235,"column":16}},{"start":{"line":235,"column":16},"end":{"line":235,"column":null}}]},"23":{"loc":{"start":{"line":242,"column":11},"end":{"line":248,"column":null}},"type":"cond-expr","locations":[{"start":{"line":243,"column":12},"end":{"line":244,"column":null}},{"start":{"line":248,"column":12},"end":{"line":248,"column":null}}]}},"s":{"0":0,"1":0,"2":0,"3":0,"4":0,"5":0,"6":0,"7":0,"8":0,"9":0,"10":0,"11":0,"12":0,"13":0,"14":0,"15":0,"16":0,"17":0,"18":0,"19":0,"20":0,"21":0,"22":0,"23":0,"24":0,"25":0,"26":0,"27":0,"28":0,"29":0,"30":0,"31":0,"32":0,"33":0,"34":0,"35":0,"36":0,"37":0,"38":0,"39":0,"40":0,"41":0,"42":0,"43":0,"44":0,"45":0,"46":0,"47":0,"48":0,"49":0,"50":0,"51":0,"52":0,"53":0,"54":0,"55":0,"56":0,"57":0,"58":0,"59":0,"60":0,"61":0,"62":0,"63":0,"64":0,"65":0,"66":0,"67":0,"68":0,"69":0,"70":0},"f":{"0":0,"1":0,"2":0,"3":0,"4":0,"5":0,"6":0,"7":0,"8":0,"9":0,"10":0,"11":0},"b":{"0":[0],"1":[0],"2":[0,0],"3":[0],"4":[0,0,0],"5":[0],"6":[0,0],"7":[0,0],"8":[0,0],"9":[0,0],"10":[0,0,0,0,0,0,0,0,0],"11":[0,0,0,0,0,0,0,0,0],"12":[0,0],"13":[0,0],"14":[0,0],"15":[0],"16":[0,0,0],"17":[0,0],"18":[0,0],"19":[0,0],"20":[0,0],"21":[0,0],"22":[0,0],"23":[0,0]}}
,"/Users/m.radojcic/Documents/git/work-manager/components/asset/asset-management.tsx": {"path":"/Users/m.radojcic/Documents/git/work-manager/components/asset/asset-management.tsx","statementMap":{"0":{"start":{"line":11,"column":30},"end":{"line":11,"column":null}},"1":{"start":{"line":12,"column":46},"end":{"line":12,"column":null}},"2":{"start":{"line":13,"column":36},"end":{"line":13,"column":null}},"3":{"start":{"line":14,"column":48},"end":{"line":14,"column":null}},"4":{"start":{"line":17,"column":22},"end":{"line":28,"column":null}},"5":{"start":{"line":18,"column":4},"end":{"line":18,"column":null}},"6":{"start":{"line":19,"column":4},"end":{"line":27,"column":null}},"7":{"start":{"line":20,"column":19},"end":{"line":20,"column":null}},"8":{"start":{"line":21,"column":6},"end":{"line":21,"column":null}},"9":{"start":{"line":22,"column":6},"end":{"line":22,"column":null}},"10":{"start":{"line":24,"column":6},"end":{"line":24,"column":null}},"11":{"start":{"line":26,"column":6},"end":{"line":26,"column":null}},"12":{"start":{"line":31,"column":2},"end":{"line":33,"column":null}},"13":{"start":{"line":32,"column":4},"end":{"line":32,"column":null}},"14":{"start":{"line":36,"column":2},"end":{"line":45,"column":null}},"15":{"start":{"line":37,"column":19},"end":{"line":37,"column":null}},"16":{"start":{"line":40,"column":4},"end":{"line":42,"column":null}},"17":{"start":{"line":41,"column":6},"end":{"line":41,"column":null}},"18":{"start":{"line":41,"column":44},"end":{"line":41,"column":null}},"19":{"start":{"line":44,"column":4},"end":{"line":44,"column":null}},"20":{"start":{"line":48,"column":28},"end":{"line":50,"column":null}},"21":{"start":{"line":49,"column":4},"end":{"line":49,"column":null}}},"fnMap":{"0":{"name":"AssetManagement","decl":{"start":{"line":10,"column":16},"end":{"line":10,"column":null}},"loc":{"start":{"line":10,"column":16},"end":{"line":62,"column":null}}},"1":{"name":"(anonymous_1)","decl":{"start":{"line":17,"column":22},"end":{"line":17,"column":null}},"loc":{"start":{"line":17,"column":22},"end":{"line":28,"column":null}}},"2":{"name":"(anonymous_2)","decl":{"start":{"line":31,"column":12},"end":{"line":31,"column":null}},"loc":{"start":{"line":31,"column":12},"end":{"line":33,"column":5}}},"3":{"name":"(anonymous_3)","decl":{"start":{"line":36,"column":12},"end":{"line":36,"column":null}},"loc":{"start":{"line":36,"column":12},"end":{"line":45,"column":5}}},"4":{"name":"(anonymous_4)","decl":{"start":{"line":41,"column":33},"end":{"line":41,"column":34}},"loc":{"start":{"line":41,"column":44},"end":{"line":41,"column":null}}},"5":{"name":"(anonymous_5)","decl":{"start":{"line":48,"column":28},"end":{"line":48,"column":null}},"loc":{"start":{"line":48,"column":28},"end":{"line":50,"column":null}}}},"branchMap":{"0":{"loc":{"start":{"line":40,"column":4},"end":{"line":42,"column":null}},"type":"if","locations":[{"start":{"line":40,"column":4},"end":{"line":42,"column":null}}]}},"s":{"0":0,"1":0,"2":0,"3":0,"4":0,"5":0,"6":0,"7":0,"8":0,"9":0,"10":0,"11":0,"12":0,"13":0,"14":0,"15":0,"16":0,"17":0,"18":0,"19":0,"20":0,"21":0},"f":{"0":0,"1":0,"2":0,"3":0,"4":0,"5":0},"b":{"0":[0]}}
,"/Users/m.radojcic/Documents/git/work-manager/components/asset/asset-table.tsx": {"path":"/Users/m.radojcic/Documents/git/work-manager/components/asset/asset-table.tsx","statementMap":{"0":{"start":{"line":12,"column":23},"end":{"line":35,"column":null}},"1":{"start":{"line":13,"column":22},"end":{"line":13,"column":null}},"2":{"start":{"line":15,"column":4},"end":{"line":34,"column":null}},"3":{"start":{"line":33,"column":8},"end":{"line":33,"column":null}},"4":{"start":{"line":38,"column":21},"end":{"line":48,"column":null}},"5":{"start":{"line":39,"column":4},"end":{"line":47,"column":null}},"6":{"start":{"line":40,"column":6},"end":{"line":44,"column":null}},"7":{"start":{"line":46,"column":6},"end":{"line":46,"column":null}},"8":{"start":{"line":51,"column":27},"end":{"line":57,"column":null}},"9":{"start":{"line":52,"column":18},"end":{"line":52,"column":null}},"10":{"start":{"line":53,"column":19},"end":{"line":53,"column":null}},"11":{"start":{"line":54,"column":20},"end":{"line":54,"column":null}},"12":{"start":{"line":56,"column":4},"end":{"line":56,"column":null}},"13":{"start":{"line":59,"column":2},"end":{"line":61,"column":null}},"14":{"start":{"line":60,"column":4},"end":{"line":60,"column":null}},"15":{"start":{"line":63,"column":2},"end":{"line":69,"column":null}},"16":{"start":{"line":64,"column":4},"end":{"line":65,"column":null}},"17":{"start":{"line":71,"column":2},"end":{"line":108,"column":null}},"18":{"start":{"line":85,"column":31},"end":{"line":85,"column":null}},"19":{"start":{"line":86,"column":31},"end":{"line":86,"column":null}},"20":{"start":{"line":87,"column":29},"end":{"line":87,"column":null}},"21":{"start":{"line":88,"column":30},"end":{"line":88,"column":null}},"22":{"start":{"line":90,"column":12},"end":{"line":105,"column":null}}},"fnMap":{"0":{"name":"AssetTable","decl":{"start":{"line":10,"column":16},"end":{"line":10,"column":27}},"loc":{"start":{"line":10,"column":65},"end":{"line":113,"column":null}}},"1":{"name":"(anonymous_1)","decl":{"start":{"line":12,"column":23},"end":{"line":12,"column":24}},"loc":{"start":{"line":12,"column":24},"end":{"line":35,"column":null}}},"2":{"name":"(anonymous_2)","decl":{"start":{"line":38,"column":21},"end":{"line":38,"column":22}},"loc":{"start":{"line":38,"column":22},"end":{"line":48,"column":null}}},"3":{"name":"(anonymous_3)","decl":{"start":{"line":51,"column":27},"end":{"line":51,"column":28}},"loc":{"start":{"line":51,"column":48},"end":{"line":57,"column":null}}},"4":{"name":"(anonymous_4)","decl":{"start":{"line":84,"column":22},"end":{"line":84,"column":23}},"loc":{"start":{"line":84,"column":23},"end":{"line":108,"column":null}}}},"branchMap":{"0":{"loc":{"start":{"line":15,"column":4},"end":{"line":34,"column":null}},"type":"switch","locations":[{"start":{"line":32,"column":6},"end":{"line":33,"column":null}}]},"1":{"loc":{"start":{"line":56,"column":11},"end":{"line":56,"column":null}},"type":"binary-expr","locations":[{"start":{"line":56,"column":11},"end":{"line":56,"column":30}},{"start":{"line":56,"column":30},"end":{"line":56,"column":null}}]},"2":{"loc":{"start":{"line":59,"column":2},"end":{"line":61,"column":null}},"type":"if","locations":[{"start":{"line":59,"column":2},"end":{"line":61,"column":null}}]},"3":{"loc":{"start":{"line":63,"column":2},"end":{"line":69,"column":null}},"type":"if","locations":[{"start":{"line":63,"column":2},"end":{"line":69,"column":null}}]},"4":{"loc":{"start":{"line":102,"column":32},"end":{"line":102,"column":null}},"type":"cond-expr","locations":[{"start":{"line":102,"column":49},"end":{"line":102,"column":57}},{"start":{"line":102,"column":57},"end":{"line":102,"column":null}}]}},"s":{"0":0,"1":0,"2":0,"3":0,"4":0,"5":0,"6":0,"7":0,"8":0,"9":0,"10":0,"11":0,"12":0,"13":0,"14":0,"15":0,"16":0,"17":0,"18":0,"19":0,"20":0,"21":0,"22":0},"f":{"0":0,"1":0,"2":0,"3":0,"4":0},"b":{"0":[0],"1":[0,0],"2":[0],"3":[0],"4":[0,0]}}
,"/Users/m.radojcic/Documents/git/work-manager/components/expense/expense-add-button.tsx": {"path":"/Users/m.radojcic/Documents/git/work-manager/components/expense/expense-add-button.tsx","statementMap":{"0":{"start":{"line":14,"column":42},"end":{"line":14,"column":null}},"1":{"start":{"line":16,"column":24},"end":{"line":19,"column":null}},"2":{"start":{"line":17,"column":4},"end":{"line":17,"column":null}},"3":{"start":{"line":18,"column":4},"end":{"line":18,"column":null}},"4":{"start":{"line":23,"column":29},"end":{"line":23,"column":52}}},"fnMap":{"0":{"name":"ExpenseAddButton","decl":{"start":{"line":13,"column":16},"end":{"line":13,"column":33}},"loc":{"start":{"line":13,"column":78},"end":{"line":39,"column":null}}},"1":{"name":"(anonymous_1)","decl":{"start":{"line":16,"column":24},"end":{"line":16,"column":null}},"loc":{"start":{"line":16,"column":24},"end":{"line":19,"column":null}}},"2":{"name":"(anonymous_2)","decl":{"start":{"line":23,"column":23},"end":{"line":23,"column":29}},"loc":{"start":{"line":23,"column":29},"end":{"line":23,"column":52}}}},"branchMap":{},"s":{"0":0,"1":0,"2":0,"3":0,"4":0},"f":{"0":0,"1":0,"2":0},"b":{}}
,"/Users/m.radojcic/Documents/git/work-manager/components/expense/expense-filters.tsx": {"path":"/Users/m.radojcic/Documents/git/work-manager/components/expense/expense-filters.tsx","statementMap":{"0":{"start":{"line":15,"column":2},"end":{"line":37,"column":null}},"1":{"start":{"line":24,"column":27},"end":{"line":24,"column":null}}},"fnMap":{"0":{"name":"ExpenseFilters","decl":{"start":{"line":14,"column":16},"end":{"line":14,"column":31}},"loc":{"start":{"line":14,"column":112},"end":{"line":43,"column":null}}},"1":{"name":"(anonymous_1)","decl":{"start":{"line":24,"column":20},"end":{"line":24,"column":21}},"loc":{"start":{"line":24,"column":27},"end":{"line":24,"column":null}}}},"branchMap":{},"s":{"0":0,"1":0},"f":{"0":0,"1":0},"b":{}}
,"/Users/m.radojcic/Documents/git/work-manager/components/expense/expense-form.tsx": {"path":"/Users/m.radojcic/Documents/git/work-manager/components/expense/expense-form.tsx","statementMap":{"0":{"start":{"line":20,"column":42},"end":{"line":20,"column":null}},"1":{"start":{"line":21,"column":40},"end":{"line":21,"column":null}},"2":{"start":{"line":22,"column":30},"end":{"line":22,"column":null}},"3":{"start":{"line":23,"column":26},"end":{"line":23,"column":null}},"4":{"start":{"line":24,"column":42},"end":{"line":24,"column":null}},"5":{"start":{"line":25,"column":28},"end":{"line":25,"column":null}},"6":{"start":{"line":28,"column":21},"end":{"line":35,"column":null}},"7":{"start":{"line":29,"column":4},"end":{"line":29,"column":null}},"8":{"start":{"line":29,"column":15},"end":{"line":29,"column":null}},"9":{"start":{"line":30,"column":4},"end":{"line":34,"column":null}},"10":{"start":{"line":38,"column":21},"end":{"line":42,"column":null}},"11":{"start":{"line":39,"column":18},"end":{"line":39,"column":null}},"12":{"start":{"line":40,"column":4},"end":{"line":40,"column":null}},"13":{"start":{"line":41,"column":4},"end":{"line":41,"column":null}},"14":{"start":{"line":44,"column":23},"end":{"line":93,"column":null}},"15":{"start":{"line":45,"column":4},"end":{"line":45,"column":null}},"16":{"start":{"line":47,"column":4},"end":{"line":50,"column":null}},"17":{"start":{"line":48,"column":6},"end":{"line":48,"column":null}},"18":{"start":{"line":49,"column":6},"end":{"line":49,"column":null}},"19":{"start":{"line":53,"column":22},"end":{"line":53,"column":null}},"20":{"start":{"line":54,"column":4},"end":{"line":57,"column":null}},"21":{"start":{"line":55,"column":6},"end":{"line":55,"column":null}},"22":{"start":{"line":56,"column":6},"end":{"line":56,"column":null}},"23":{"start":{"line":59,"column":4},"end":{"line":59,"column":null}},"24":{"start":{"line":60,"column":4},"end":{"line":60,"column":null}},"25":{"start":{"line":62,"column":4},"end":{"line":92,"column":null}},"26":{"start":{"line":64,"column":36},"end":{"line":68,"column":null}},"27":{"start":{"line":71,"column":23},"end":{"line":71,"column":null}},"28":{"start":{"line":72,"column":6},"end":{"line":72,"column":null}},"29":{"start":{"line":73,"column":6},"end":{"line":73,"column":null}},"30":{"start":{"line":74,"column":6},"end":{"line":74,"column":null}},"31":{"start":{"line":76,"column":6},"end":{"line":78,"column":null}},"32":{"start":{"line":77,"column":8},"end":{"line":77,"column":null}},"33":{"start":{"line":80,"column":21},"end":{"line":80,"column":null}},"34":{"start":{"line":82,"column":6},"end":{"line":86,"column":null}},"35":{"start":{"line":83,"column":8},"end":{"line":83,"column":null}},"36":{"start":{"line":85,"column":8},"end":{"line":85,"column":null}},"37":{"start":{"line":88,"column":6},"end":{"line":88,"column":null}},"38":{"start":{"line":89,"column":6},"end":{"line":89,"column":null}},"39":{"start":{"line":91,"column":6},"end":{"line":91,"column":null}},"40":{"start":{"line":95,"column":2},"end":{"line":171,"column":null}},"41":{"start":{"line":116,"column":35},"end":{"line":116,"column":null}},"42":{"start":{"line":129,"column":27},"end":{"line":129,"column":null}},"43":{"start":{"line":146,"column":29},"end":{"line":146,"column":null}},"44":{"start":{"line":154,"column":60},"end":{"line":154,"column":null}}},"fnMap":{"0":{"name":"ExpenseForm","decl":{"start":{"line":19,"column":16},"end":{"line":19,"column":28}},"loc":{"start":{"line":19,"column":59},"end":{"line":177,"column":null}}},"1":{"name":"(anonymous_1)","decl":{"start":{"line":28,"column":21},"end":{"line":28,"column":22}},"loc":{"start":{"line":28,"column":22},"end":{"line":35,"column":null}}},"2":{"name":"(anonymous_2)","decl":{"start":{"line":38,"column":21},"end":{"line":38,"column":22}},"loc":{"start":{"line":38,"column":22},"end":{"line":42,"column":null}}},"3":{"name":"(anonymous_3)","decl":{"start":{"line":44,"column":23},"end":{"line":44,"column":30}},"loc":{"start":{"line":44,"column":30},"end":{"line":93,"column":null}}},"4":{"name":"(anonymous_4)","decl":{"start":{"line":116,"column":24},"end":{"line":116,"column":25}},"loc":{"start":{"line":116,"column":35},"end":{"line":116,"column":null}}},"5":{"name":"(anonymous_5)","decl":{"start":{"line":129,"column":20},"end":{"line":129,"column":21}},"loc":{"start":{"line":129,"column":27},"end":{"line":129,"column":null}}},"6":{"name":"(anonymous_6)","decl":{"start":{"line":146,"column":22},"end":{"line":146,"column":23}},"loc":{"start":{"line":146,"column":29},"end":{"line":146,"column":null}}},"7":{"name":"(anonymous_7)","decl":{"start":{"line":154,"column":53},"end":{"line":154,"column":54}},"loc":{"start":{"line":154,"column":60},"end":{"line":154,"column":null}}}},"branchMap":{"0":{"loc":{"start":{"line":29,"column":4},"end":{"line":29,"column":null}},"type":"if","locations":[{"start":{"line":29,"column":4},"end":{"line":29,"column":null}}]},"1":{"loc":{"start":{"line":47,"column":4},"end":{"line":50,"column":null}},"type":"if","locations":[{"start":{"line":47,"column":4},"end":{"line":50,"column":null}}]},"2":{"loc":{"start":{"line":47,"column":8},"end":{"line":47,"column":50}},"type":"binary-expr","locations":[{"start":{"line":47,"column":8},"end":{"line":47,"column":25}},{"start":{"line":47,"column":25},"end":{"line":47,"column":41}},{"start":{"line":47,"column":41},"end":{"line":47,"column":50}}]},"3":{"loc":{"start":{"line":54,"column":4},"end":{"line":57,"column":null}},"type":"if","locations":[{"start":{"line":54,"column":4},"end":{"line":57,"column":null}}]},"4":{"loc":{"start":{"line":54,"column":8},"end":{"line":54,"column":44}},"type":"binary-expr","locations":[{"start":{"line":54,"column":8},"end":{"line":54,"column":28}},{"start":{"line":54,"column":28},"end":{"line":54,"column":44}}]},"5":{"loc":{"start":{"line":64,"column":36},"end":{"line":68,"column":null}},"type":"cond-expr","locations":[{"start":{"line":65,"column":10},"end":{"line":67,"column":30}},{"start":{"line":68,"column":10},"end":{"line":68,"column":null}}]},"6":{"loc":{"start":{"line":76,"column":6},"end":{"line":78,"column":null}},"type":"if","locations":[{"start":{"line":76,"column":6},"end":{"line":78,"column":null}}]},"7":{"loc":{"start":{"line":82,"column":6},"end":{"line":86,"column":null}},"type":"if","locations":[{"start":{"line":82,"column":6},"end":{"line":86,"column":null}},{"start":{"line":84,"column":13},"end":{"line":86,"column":null}}]},"8":{"loc":{"start":{"line":85,"column":17},"end":{"line":85,"column":null}},"type":"binary-expr","locations":[{"start":{"line":85,"column":17},"end":{"line":85,"column":29}},{"start":{"line":85,"column":33},"end":{"line":85,"column":null}}]},"9":{"loc":{"start":{"line":105,"column":74},"end":{"line":105,"column":null}},"type":"binary-expr","locations":[{"start":{"line":105,"column":74},"end":{"line":105,"column":91}},{"start":{"line":105,"column":91},"end":{"line":105,"column":null}}]},"10":{"loc":{"start":{"line":108,"column":15},"end":{"line":108,"column":null}},"type":"cond-expr","locations":[{"start":{"line":108,"column":30},"end":{"line":108,"column":57}},{"start":{"line":108,"column":57},"end":{"line":108,"column":null}}]},"11":{"loc":{"start":{"line":116,"column":35},"end":{"line":116,"column":null}},"type":"cond-expr","locations":[{"start":{"line":116,"column":42},"end":{"line":116,"column":61}},{"start":{"line":116,"column":61},"end":{"line":116,"column":null}}]},"12":{"loc":{"start":{"line":154,"column":68},"end":{"line":154,"column":null}},"type":"binary-expr","locations":[{"start":{"line":154,"column":68},"end":{"line":154,"column":87}},{"start":{"line":154,"column":91},"end":{"line":154,"column":null}}]},"13":{"loc":{"start":{"line":158,"column":7},"end":{"line":158,"column":null}},"type":"binary-expr","locations":[{"start":{"line":158,"column":7},"end":{"line":158,"column":16}},{"start":{"line":158,"column":16},"end":{"line":158,"column":null}}]},"14":{"loc":{"start":{"line":165,"column":11},"end":{"line":171,"column":null}},"type":"cond-expr","locations":[{"start":{"line":166,"column":12},"end":{"line":167,"column":null}},{"start":{"line":171,"column":12},"end":{"line":171,"column":null}}]}},"s":{"0":0,"1":0,"2":0,"3":0,"4":0,"5":0,"6":0,"7":0,"8":0,"9":0,"10":0,"11":0,"12":0,"13":0,"14":0,"15":0,"16":0,"17":0,"18":0,"19":0,"20":0,"21":0,"22":0,"23":0,"24":0,"25":0,"26":0,"27":0,"28":0,"29":0,"30":0,"31":0,"32":0,"33":0,"34":0,"35":0,"36":0,"37":0,"38":0,"39":0,"40":0,"41":0,"42":0,"43":0,"44":0},"f":{"0":0,"1":0,"2":0,"3":0,"4":0,"5":0,"6":0,"7":0},"b":{"0":[0],"1":[0],"2":[0,0,0],"3":[0],"4":[0,0],"5":[0,0],"6":[0],"7":[0,0],"8":[0,0],"9":[0,0],"10":[0,0],"11":[0,0],"12":[0,0],"13":[0,0],"14":[0,0]}}
,"/Users/m.radojcic/Documents/git/work-manager/components/expense/expense-management.tsx": {"path":"/Users/m.radojcic/Documents/git/work-manager/components/expense/expense-management.tsx","statementMap":{"0":{"start":{"line":11,"column":34},"end":{"line":11,"column":null}},"1":{"start":{"line":12,"column":50},"end":{"line":12,"column":null}},"2":{"start":{"line":13,"column":36},"end":{"line":13,"column":null}},"3":{"start":{"line":14,"column":38},"end":{"line":14,"column":null}},"4":{"start":{"line":15,"column":42},"end":{"line":15,"column":null}},"5":{"start":{"line":18,"column":24},"end":{"line":29,"column":null}},"6":{"start":{"line":19,"column":4},"end":{"line":19,"column":null}},"7":{"start":{"line":20,"column":4},"end":{"line":28,"column":null}},"8":{"start":{"line":21,"column":19},"end":{"line":21,"column":null}},"9":{"start":{"line":22,"column":6},"end":{"line":22,"column":null}},"10":{"start":{"line":23,"column":6},"end":{"line":23,"column":null}},"11":{"start":{"line":25,"column":6},"end":{"line":25,"column":null}},"12":{"start":{"line":27,"column":6},"end":{"line":27,"column":null}},"13":{"start":{"line":32,"column":2},"end":{"line":34,"column":null}},"14":{"start":{"line":33,"column":4},"end":{"line":33,"column":null}},"15":{"start":{"line":37,"column":2},"end":{"line":52,"column":null}},"16":{"start":{"line":38,"column":19},"end":{"line":38,"column":null}},"17":{"start":{"line":41,"column":4},"end":{"line":43,"column":null}},"18":{"start":{"line":42,"column":6},"end":{"line":42,"column":null}},"19":{"start":{"line":42,"column":46},"end":{"line":42,"column":null}},"20":{"start":{"line":46,"column":4},"end":{"line":49,"column":null}},"21":{"start":{"line":47,"column":19},"end":{"line":47,"column":null}},"22":{"start":{"line":48,"column":6},"end":{"line":48,"column":null}},"23":{"start":{"line":48,"column":46},"end":{"line":48,"column":null}},"24":{"start":{"line":51,"column":4},"end":{"line":51,"column":null}},"25":{"start":{"line":55,"column":33},"end":{"line":57,"column":null}},"26":{"start":{"line":56,"column":4},"end":{"line":56,"column":null}}},"fnMap":{"0":{"name":"ExpenseManagement","decl":{"start":{"line":10,"column":16},"end":{"line":10,"column":null}},"loc":{"start":{"line":10,"column":16},"end":{"line":74,"column":null}}},"1":{"name":"(anonymous_1)","decl":{"start":{"line":18,"column":24},"end":{"line":18,"column":null}},"loc":{"start":{"line":18,"column":24},"end":{"line":29,"column":null}}},"2":{"name":"(anonymous_2)","decl":{"start":{"line":32,"column":12},"end":{"line":32,"column":null}},"loc":{"start":{"line":32,"column":12},"end":{"line":34,"column":5}}},"3":{"name":"(anonymous_3)","decl":{"start":{"line":37,"column":12},"end":{"line":37,"column":null}},"loc":{"start":{"line":37,"column":12},"end":{"line":52,"column":5}}},"4":{"name":"(anonymous_4)","decl":{"start":{"line":42,"column":33},"end":{"line":42,"column":34}},"loc":{"start":{"line":42,"column":46},"end":{"line":42,"column":null}}},"5":{"name":"(anonymous_5)","decl":{"start":{"line":48,"column":33},"end":{"line":48,"column":34}},"loc":{"start":{"line":48,"column":46},"end":{"line":48,"column":null}}},"6":{"name":"(anonymous_6)","decl":{"start":{"line":55,"column":33},"end":{"line":55,"column":null}},"loc":{"start":{"line":55,"column":33},"end":{"line":57,"column":null}}}},"branchMap":{"0":{"loc":{"start":{"line":41,"column":4},"end":{"line":43,"column":null}},"type":"if","locations":[{"start":{"line":41,"column":4},"end":{"line":43,"column":null}}]},"1":{"loc":{"start":{"line":46,"column":4},"end":{"line":49,"column":null}},"type":"if","locations":[{"start":{"line":46,"column":4},"end":{"line":49,"column":null}}]}},"s":{"0":0,"1":0,"2":0,"3":0,"4":0,"5":0,"6":0,"7":0,"8":0,"9":0,"10":0,"11":0,"12":0,"13":0,"14":0,"15":0,"16":0,"17":0,"18":0,"19":0,"20":0,"21":0,"22":0,"23":0,"24":0,"25":0,"26":0},"f":{"0":0,"1":0,"2":0,"3":0,"4":0,"5":0,"6":0},"b":{"0":[0],"1":[0]}}
,"/Users/m.radojcic/Documents/git/work-manager/components/expense/expense-table.tsx": {"path":"/Users/m.radojcic/Documents/git/work-manager/components/expense/expense-table.tsx","statementMap":{"0":{"start":{"line":12,"column":28},"end":{"line":35,"column":null}},"1":{"start":{"line":13,"column":4},"end":{"line":34,"column":null}},"2":{"start":{"line":15,"column":8},"end":{"line":16,"column":null}},"3":{"start":{"line":21,"column":8},"end":{"line":22,"column":null}},"4":{"start":{"line":27,"column":8},"end":{"line":28,"column":null}},"5":{"start":{"line":33,"column":8},"end":{"line":33,"column":null}},"6":{"start":{"line":38,"column":21},"end":{"line":48,"column":null}},"7":{"start":{"line":39,"column":4},"end":{"line":47,"column":null}},"8":{"start":{"line":40,"column":6},"end":{"line":44,"column":null}},"9":{"start":{"line":46,"column":6},"end":{"line":46,"column":null}},"10":{"start":{"line":51,"column":25},"end":{"line":56,"column":null}},"11":{"start":{"line":52,"column":4},"end":{"line":55,"column":null}},"12":{"start":{"line":58,"column":2},"end":{"line":60,"column":null}},"13":{"start":{"line":59,"column":4},"end":{"line":59,"column":null}},"14":{"start":{"line":62,"column":2},"end":{"line":68,"column":null}},"15":{"start":{"line":63,"column":4},"end":{"line":64,"column":null}},"16":{"start":{"line":70,"column":2},"end":{"line":97,"column":null}},"17":{"start":{"line":85,"column":12},"end":{"line":97,"column":null}}},"fnMap":{"0":{"name":"ExpenseTable","decl":{"start":{"line":10,"column":16},"end":{"line":10,"column":29}},"loc":{"start":{"line":10,"column":71},"end":{"line":104,"column":null}}},"1":{"name":"(anonymous_1)","decl":{"start":{"line":12,"column":28},"end":{"line":12,"column":29}},"loc":{"start":{"line":12,"column":29},"end":{"line":35,"column":null}}},"2":{"name":"(anonymous_2)","decl":{"start":{"line":38,"column":21},"end":{"line":38,"column":22}},"loc":{"start":{"line":38,"column":22},"end":{"line":48,"column":null}}},"3":{"name":"(anonymous_3)","decl":{"start":{"line":51,"column":25},"end":{"line":51,"column":26}},"loc":{"start":{"line":51,"column":26},"end":{"line":56,"column":null}}},"4":{"name":"(anonymous_4)","decl":{"start":{"line":84,"column":24},"end":{"line":84,"column":25}},"loc":{"start":{"line":85,"column":12},"end":{"line":97,"column":null}}}},"branchMap":{"0":{"loc":{"start":{"line":13,"column":4},"end":{"line":34,"column":null}},"type":"switch","locations":[{"start":{"line":14,"column":6},"end":{"line":16,"column":null}},{"start":{"line":20,"column":6},"end":{"line":22,"column":null}},{"start":{"line":26,"column":6},"end":{"line":28,"column":null}},{"start":{"line":32,"column":6},"end":{"line":33,"column":null}}]},"1":{"loc":{"start":{"line":58,"column":2},"end":{"line":60,"column":null}},"type":"if","locations":[{"start":{"line":58,"column":2},"end":{"line":60,"column":null}}]},"2":{"loc":{"start":{"line":62,"column":2},"end":{"line":68,"column":null}},"type":"if","locations":[{"start":{"line":62,"column":2},"end":{"line":68,"column":null}}]},"3":{"loc":{"start":{"line":90,"column":17},"end":{"line":93,"column":null}},"type":"cond-expr","locations":[{"start":{"line":91,"column":18},"end":{"line":91,"column":null}},{"start":{"line":93,"column":18},"end":{"line":93,"column":null}}]}},"s":{"0":0,"1":0,"2":0,"3":0,"4":0,"5":0,"6":0,"7":0,"8":0,"9":0,"10":0,"11":0,"12":0,"13":0,"14":0,"15":0,"16":0,"17":0},"f":{"0":0,"1":0,"2":0,"3":0,"4":0},"b":{"0":[0,0,0,0],"1":[0],"2":[0],"3":[0,0]}}
,"/Users/m.radojcic/Documents/git/work-manager/components/maintenance/maintenance-filters.tsx": {"path":"/Users/m.radojcic/Documents/git/work-manager/components/maintenance/maintenance-filters.tsx","statementMap":{"0":{"start":{"line":12,"column":2},"end":{"line":23,"column":null}},"1":{"start":{"line":22,"column":14},"end":{"line":23,"column":null}}},"fnMap":{"0":{"name":"MaintenanceFilters","decl":{"start":{"line":11,"column":16},"end":{"line":11,"column":35}},"loc":{"start":{"line":11,"column":99},"end":{"line":31,"column":null}}},"1":{"name":"(anonymous_1)","decl":{"start":{"line":21,"column":29},"end":{"line":21,"column":30}},"loc":{"start":{"line":22,"column":14},"end":{"line":23,"column":null}}}},"branchMap":{},"s":{"0":0,"1":0},"f":{"0":0,"1":0},"b":{}}
,"/Users/m.radojcic/Documents/git/work-manager/components/maintenance/maintenance-form.tsx": {"path":"/Users/m.radojcic/Documents/git/work-manager/components/maintenance/maintenance-form.tsx","statementMap":{"0":{"start":{"line":23,"column":26},"end":{"line":23,"column":null}},"1":{"start":{"line":24,"column":36},"end":{"line":24,"column":null}},"2":{"start":{"line":25,"column":40},"end":{"line":25,"column":null}},"3":{"start":{"line":26,"column":34},"end":{"line":26,"column":null}},"4":{"start":{"line":27,"column":42},"end":{"line":27,"column":null}},"5":{"start":{"line":28,"column":28},"end":{"line":28,"column":null}},"6":{"start":{"line":31,"column":21},"end":{"line":38,"column":null}},"7":{"start":{"line":32,"column":4},"end":{"line":32,"column":null}},"8":{"start":{"line":32,"column":15},"end":{"line":32,"column":null}},"9":{"start":{"line":33,"column":4},"end":{"line":37,"column":null}},"10":{"start":{"line":40,"column":23},"end":{"line":77,"column":null}},"11":{"start":{"line":41,"column":4},"end":{"line":41,"column":null}},"12":{"start":{"line":43,"column":4},"end":{"line":46,"column":null}},"13":{"start":{"line":44,"column":6},"end":{"line":44,"column":null}},"14":{"start":{"line":45,"column":6},"end":{"line":45,"column":null}},"15":{"start":{"line":48,"column":4},"end":{"line":48,"column":null}},"16":{"start":{"line":49,"column":4},"end":{"line":49,"column":null}},"17":{"start":{"line":51,"column":4},"end":{"line":76,"column":null}},"18":{"start":{"line":53,"column":28},"end":{"line":55,"column":null}},"19":{"start":{"line":58,"column":23},"end":{"line":58,"column":null}},"20":{"start":{"line":59,"column":6},"end":{"line":59,"column":null}},"21":{"start":{"line":60,"column":6},"end":{"line":60,"column":null}},"22":{"start":{"line":61,"column":6},"end":{"line":61,"column":null}},"23":{"start":{"line":62,"column":6},"end":{"line":62,"column":null}},"24":{"start":{"line":64,"column":21},"end":{"line":64,"column":null}},"25":{"start":{"line":66,"column":6},"end":{"line":71,"column":null}},"26":{"start":{"line":67,"column":8},"end":{"line":67,"column":null}},"27":{"start":{"line":69,"column":8},"end":{"line":69,"column":null}},"28":{"start":{"line":70,"column":8},"end":{"line":70,"column":null}},"29":{"start":{"line":73,"column":6},"end":{"line":73,"column":null}},"30":{"start":{"line":74,"column":6},"end":{"line":74,"column":null}},"31":{"start":{"line":75,"column":6},"end":{"line":75,"column":null}},"32":{"start":{"line":80,"column":24},"end":{"line":89,"column":null}},"33":{"start":{"line":81,"column":4},"end":{"line":88,"column":null}},"34":{"start":{"line":83,"column":8},"end":{"line":83,"column":null}},"35":{"start":{"line":85,"column":8},"end":{"line":85,"column":null}},"36":{"start":{"line":87,"column":8},"end":{"line":87,"column":null}},"37":{"start":{"line":91,"column":2},"end":{"line":180,"column":null}},"38":{"start":{"line":115,"column":60},"end":{"line":115,"column":null}},"39":{"start":{"line":128,"column":14},"end":{"line":131,"column":null}},"40":{"start":{"line":141,"column":59},"end":{"line":141,"column":null}},"41":{"start":{"line":147,"column":14},"end":{"line":148,"column":null}},"42":{"start":{"line":161,"column":27},"end":{"line":161,"column":null}},"43":{"start":{"line":170,"column":63},"end":{"line":170,"column":80}}},"fnMap":{"0":{"name":"MaintenanceForm","decl":{"start":{"line":22,"column":16},"end":{"line":22,"column":32}},"loc":{"start":{"line":22,"column":67},"end":{"line":186,"column":null}}},"1":{"name":"(anonymous_1)","decl":{"start":{"line":31,"column":21},"end":{"line":31,"column":22}},"loc":{"start":{"line":31,"column":22},"end":{"line":38,"column":null}}},"2":{"name":"(anonymous_2)","decl":{"start":{"line":40,"column":23},"end":{"line":40,"column":30}},"loc":{"start":{"line":40,"column":30},"end":{"line":77,"column":null}}},"3":{"name":"(anonymous_3)","decl":{"start":{"line":80,"column":24},"end":{"line":80,"column":25}},"loc":{"start":{"line":80,"column":25},"end":{"line":89,"column":null}}},"4":{"name":"(anonymous_4)","decl":{"start":{"line":115,"column":49},"end":{"line":115,"column":50}},"loc":{"start":{"line":115,"column":60},"end":{"line":115,"column":null}}},"5":{"name":"(anonymous_5)","decl":{"start":{"line":127,"column":29},"end":{"line":127,"column":30}},"loc":{"start":{"line":128,"column":14},"end":{"line":131,"column":null}}},"6":{"name":"(anonymous_6)","decl":{"start":{"line":141,"column":48},"end":{"line":141,"column":49}},"loc":{"start":{"line":141,"column":59},"end":{"line":141,"column":null}}},"7":{"name":"(anonymous_7)","decl":{"start":{"line":146,"column":27},"end":{"line":146,"column":28}},"loc":{"start":{"line":147,"column":14},"end":{"line":148,"column":null}}},"8":{"name":"(anonymous_8)","decl":{"start":{"line":161,"column":20},"end":{"line":161,"column":21}},"loc":{"start":{"line":161,"column":27},"end":{"line":161,"column":null}}},"9":{"name":"(anonymous_9)","decl":{"start":{"line":170,"column":57},"end":{"line":170,"column":63}},"loc":{"start":{"line":170,"column":63},"end":{"line":170,"column":80}}}},"branchMap":{"0":{"loc":{"start":{"line":32,"column":4},"end":{"line":32,"column":null}},"type":"if","locations":[{"start":{"line":32,"column":4},"end":{"line":32,"column":null}}]},"1":{"loc":{"start":{"line":43,"column":4},"end":{"line":46,"column":null}},"type":"if","locations":[{"start":{"line":43,"column":4},"end":{"line":46,"column":null}}]},"2":{"loc":{"start":{"line":43,"column":8},"end":{"line":43,"column":58}},"type":"binary-expr","locations":[{"start":{"line":43,"column":8},"end":{"line":43,"column":17}},{"start":{"line":43,"column":17},"end":{"line":43,"column":31}},{"start":{"line":43,"column":31},"end":{"line":43,"column":47}},{"start":{"line":43,"column":47},"end":{"line":43,"column":58}}]},"3":{"loc":{"start":{"line":53,"column":28},"end":{"line":55,"column":null}},"type":"cond-expr","locations":[{"start":{"line":54,"column":10},"end":{"line":54,"column":124}},{"start":{"line":55,"column":10},"end":{"line":55,"column":null}}]},"4":{"loc":{"start":{"line":66,"column":6},"end":{"line":71,"column":null}},"type":"if","locations":[{"start":{"line":66,"column":6},"end":{"line":71,"column":null}},{"start":{"line":68,"column":13},"end":{"line":71,"column":null}}]},"5":{"loc":{"start":{"line":69,"column":17},"end":{"line":69,"column":null}},"type":"binary-expr","locations":[{"start":{"line":69,"column":17},"end":{"line":69,"column":29}},{"start":{"line":69,"column":33},"end":{"line":69,"column":null}}]},"6":{"loc":{"start":{"line":81,"column":4},"end":{"line":88,"column":null}},"type":"switch","locations":[{"start":{"line":82,"column":6},"end":{"line":83,"column":null}},{"start":{"line":84,"column":6},"end":{"line":85,"column":null}},{"start":{"line":86,"column":6},"end":{"line":87,"column":null}}]},"7":{"loc":{"start":{"line":101,"column":74},"end":{"line":101,"column":null}},"type":"binary-expr","locations":[{"start":{"line":101,"column":74},"end":{"line":101,"column":83}},{"start":{"line":101,"column":83},"end":{"line":101,"column":null}}]},"8":{"loc":{"start":{"line":104,"column":15},"end":{"line":104,"column":null}},"type":"cond-expr","locations":[{"start":{"line":104,"column":22},"end":{"line":104,"column":41}},{"start":{"line":104,"column":41},"end":{"line":104,"column":null}}]},"9":{"loc":{"start":{"line":118,"column":15},"end":{"line":121,"column":null}},"type":"binary-expr","locations":[{"start":{"line":118,"column":15},"end":{"line":118,"column":null}},{"start":{"line":119,"column":16},"end":{"line":121,"column":null}}]},"10":{"loc":{"start":{"line":167,"column":7},"end":{"line":167,"column":null}},"type":"binary-expr","locations":[{"start":{"line":167,"column":7},"end":{"line":167,"column":16}},{"start":{"line":167,"column":16},"end":{"line":167,"column":null}}]},"11":{"loc":{"start":{"line":174,"column":11},"end":{"line":180,"column":null}},"type":"cond-expr","locations":[{"start":{"line":175,"column":12},"end":{"line":176,"column":null}},{"start":{"line":180,"column":12},"end":{"line":180,"column":null}}]}},"s":{"0":0,"1":0,"2":0,"3":0,"4":0,"5":0,"6":0,"7":0,"8":0,"9":0,"10":0,"11":0,"12":0,"13":0,"14":0,"15":0,"16":0,"17":0,"18":0,"19":0,"20":0,"21":0,"22":0,"23":0,"24":0,"25":0,"26":0,"27":0,"28":0,"29":0,"30":0,"31":0,"32":0,"33":0,"34":0,"35":0,"36":0,"37":0,"38":0,"39":0,"40":0,"41":0,"42":0,"43":0},"f":{"0":0,"1":0,"2":0,"3":0,"4":0,"5":0,"6":0,"7":0,"8":0,"9":0},"b":{"0":[0],"1":[0],"2":[0,0,0,0],"3":[0,0],"4":[0,0],"5":[0,0],"6":[0,0,0],"7":[0,0],"8":[0,0],"9":[0,0],"10":[0,0],"11":[0,0]}}
,"/Users/m.radojcic/Documents/git/work-manager/components/maintenance/maintenance-management.tsx": {"path":"/Users/m.radojcic/Documents/git/work-manager/components/maintenance/maintenance-management.tsx","statementMap":{"0":{"start":{"line":11,"column":30},"end":{"line":11,"column":null}},"1":{"start":{"line":12,"column":46},"end":{"line":12,"column":null}},"2":{"start":{"line":13,"column":36},"end":{"line":13,"column":null}},"3":{"start":{"line":14,"column":48},"end":{"line":14,"column":null}},"4":{"start":{"line":17,"column":22},"end":{"line":28,"column":null}},"5":{"start":{"line":18,"column":4},"end":{"line":18,"column":null}},"6":{"start":{"line":19,"column":4},"end":{"line":27,"column":null}},"7":{"start":{"line":20,"column":19},"end":{"line":20,"column":null}},"8":{"start":{"line":21,"column":6},"end":{"line":21,"column":null}},"9":{"start":{"line":22,"column":6},"end":{"line":22,"column":null}},"10":{"start":{"line":24,"column":6},"end":{"line":24,"column":null}},"11":{"start":{"line":26,"column":6},"end":{"line":26,"column":null}},"12":{"start":{"line":31,"column":2},"end":{"line":33,"column":null}},"13":{"start":{"line":32,"column":4},"end":{"line":32,"column":null}},"14":{"start":{"line":36,"column":2},"end":{"line":45,"column":null}},"15":{"start":{"line":37,"column":19},"end":{"line":37,"column":null}},"16":{"start":{"line":40,"column":4},"end":{"line":42,"column":null}},"17":{"start":{"line":41,"column":6},"end":{"line":41,"column":null}},"18":{"start":{"line":41,"column":44},"end":{"line":41,"column":null}},"19":{"start":{"line":44,"column":4},"end":{"line":44,"column":null}},"20":{"start":{"line":48,"column":30},"end":{"line":50,"column":null}},"21":{"start":{"line":49,"column":4},"end":{"line":49,"column":null}}},"fnMap":{"0":{"name":"MaintenanceManagement","decl":{"start":{"line":10,"column":16},"end":{"line":10,"column":null}},"loc":{"start":{"line":10,"column":16},"end":{"line":62,"column":null}}},"1":{"name":"(anonymous_1)","decl":{"start":{"line":17,"column":22},"end":{"line":17,"column":null}},"loc":{"start":{"line":17,"column":22},"end":{"line":28,"column":null}}},"2":{"name":"(anonymous_2)","decl":{"start":{"line":31,"column":12},"end":{"line":31,"column":null}},"loc":{"start":{"line":31,"column":12},"end":{"line":33,"column":5}}},"3":{"name":"(anonymous_3)","decl":{"start":{"line":36,"column":12},"end":{"line":36,"column":null}},"loc":{"start":{"line":36,"column":12},"end":{"line":45,"column":5}}},"4":{"name":"(anonymous_4)","decl":{"start":{"line":41,"column":33},"end":{"line":41,"column":34}},"loc":{"start":{"line":41,"column":44},"end":{"line":41,"column":null}}},"5":{"name":"(anonymous_5)","decl":{"start":{"line":48,"column":30},"end":{"line":48,"column":null}},"loc":{"start":{"line":48,"column":30},"end":{"line":50,"column":null}}}},"branchMap":{"0":{"loc":{"start":{"line":40,"column":4},"end":{"line":42,"column":null}},"type":"if","locations":[{"start":{"line":40,"column":4},"end":{"line":42,"column":null}}]}},"s":{"0":0,"1":0,"2":0,"3":0,"4":0,"5":0,"6":0,"7":0,"8":0,"9":0,"10":0,"11":0,"12":0,"13":0,"14":0,"15":0,"16":0,"17":0,"18":0,"19":0,"20":0,"21":0},"f":{"0":0,"1":0,"2":0,"3":0,"4":0,"5":0},"b":{"0":[0]}}
,"/Users/m.radojcic/Documents/git/work-manager/components/maintenance/maintenance-report-button.tsx": {"path":"/Users/m.radojcic/Documents/git/work-manager/components/maintenance/maintenance-report-button.tsx","statementMap":{"0":{"start":{"line":16,"column":42},"end":{"line":16,"column":null}},"1":{"start":{"line":17,"column":46},"end":{"line":17,"column":null}},"2":{"start":{"line":18,"column":46},"end":{"line":18,"column":null}},"3":{"start":{"line":20,"column":24},"end":{"line":35,"column":null}},"4":{"start":{"line":21,"column":4},"end":{"line":21,"column":null}},"5":{"start":{"line":22,"column":4},"end":{"line":25,"column":null}},"6":{"start":{"line":29,"column":4},"end":{"line":34,"column":null}},"7":{"start":{"line":30,"column":6},"end":{"line":30,"column":null}},"8":{"start":{"line":31,"column":6},"end":{"line":31,"column":null}},"9":{"start":{"line":32,"column":6},"end":{"line":32,"column":null}},"10":{"start":{"line":33,"column":6},"end":{"line":33,"column":null}},"11":{"start":{"line":39,"column":29},"end":{"line":39,"column":52}},"12":{"start":{"line":47,"column":10},"end":{"line":47,"column":null}},"13":{"start":{"line":48,"column":10},"end":{"line":51,"column":null}},"14":{"start":{"line":49,"column":12},"end":{"line":49,"column":null}},"15":{"start":{"line":50,"column":12},"end":{"line":50,"column":null}}},"fnMap":{"0":{"name":"MaintenanceReportButton","decl":{"start":{"line":15,"column":16},"end":{"line":15,"column":40}},"loc":{"start":{"line":15,"column":89},"end":{"line":76,"column":null}}},"1":{"name":"(anonymous_1)","decl":{"start":{"line":20,"column":24},"end":{"line":20,"column":25}},"loc":{"start":{"line":20,"column":25},"end":{"line":35,"column":null}}},"2":{"name":"(anonymous_2)","decl":{"start":{"line":29,"column":15},"end":{"line":29,"column":null}},"loc":{"start":{"line":29,"column":15},"end":{"line":34,"column":7}}},"3":{"name":"(anonymous_3)","decl":{"start":{"line":39,"column":23},"end":{"line":39,"column":29}},"loc":{"start":{"line":39,"column":29},"end":{"line":39,"column":52}}},"4":{"name":"(anonymous_4)","decl":{"start":{"line":46,"column":22},"end":{"line":46,"column":23}},"loc":{"start":{"line":46,"column":23},"end":{"line":52,"column":null}}}},"branchMap":{"0":{"loc":{"start":{"line":23,"column":6},"end":{"line":25,"column":null}},"type":"cond-expr","locations":[{"start":{"line":24,"column":10},"end":{"line":24,"column":72}},{"start":{"line":25,"column":10},"end":{"line":25,"column":null}}]},"1":{"loc":{"start":{"line":48,"column":10},"end":{"line":51,"column":null}},"type":"if","locations":[{"start":{"line":48,"column":10},"end":{"line":51,"column":null}}]},"2":{"loc":{"start":{"line":61,"column":12},"end":{"line":66,"column":null}},"type":"cond-expr","locations":[{"start":{"line":61,"column":12},"end":{"line":66,"column":null}}]},"3":{"loc":{"start":{"line":65,"column":15},"end":{"line":66,"column":null}},"type":"binary-expr","locations":[{"start":{"line":65,"column":15},"end":{"line":65,"column":null}},{"start":{"line":66,"column":16},"end":{"line":66,"column":null}}]}},"s":{"0":0,"1":0,"2":0,"3":0,"4":0,"5":0,"6":0,"7":0,"8":0,"9":0,"10":0,"11":0,"12":0,"13":0,"14":0,"15":0},"f":{"0":0,"1":0,"2":0,"3":0,"4":0},"b":{"0":[0,0],"1":[0],"2":[0],"3":[0,0]}}
,"/Users/m.radojcic/Documents/git/work-manager/components/maintenance/maintenance-table.tsx": {"path":"/Users/m.radojcic/Documents/git/work-manager/components/maintenance/maintenance-table.tsx","statementMap":{"0":{"start":{"line":13,"column":23},"end":{"line":24,"column":null}},"1":{"start":{"line":14,"column":22},"end":{"line":14,"column":null}},"2":{"start":{"line":16,"column":4},"end":{"line":23,"column":null}},"3":{"start":{"line":22,"column":8},"end":{"line":22,"column":null}},"4":{"start":{"line":27,"column":21},"end":{"line":37,"column":null}},"5":{"start":{"line":28,"column":4},"end":{"line":36,"column":null}},"6":{"start":{"line":29,"column":6},"end":{"line":33,"column":null}},"7":{"start":{"line":35,"column":6},"end":{"line":35,"column":null}},"8":{"start":{"line":40,"column":28},"end":{"line":69,"column":null}},"9":{"start":{"line":41,"column":4},"end":{"line":68,"column":null}},"10":{"start":{"line":43,"column":8},"end":{"line":44,"column":null}},"11":{"start":{"line":49,"column":8},"end":{"line":50,"column":null}},"12":{"start":{"line":55,"column":8},"end":{"line":56,"column":null}},"13":{"start":{"line":61,"column":8},"end":{"line":62,"column":null}},"14":{"start":{"line":67,"column":8},"end":{"line":67,"column":null}},"15":{"start":{"line":71,"column":2},"end":{"line":73,"column":null}},"16":{"start":{"line":72,"column":4},"end":{"line":72,"column":null}},"17":{"start":{"line":75,"column":2},"end":{"line":81,"column":null}},"18":{"start":{"line":76,"column":4},"end":{"line":77,"column":null}},"19":{"start":{"line":83,"column":2},"end":{"line":115,"column":null}},"20":{"start":{"line":98,"column":12},"end":{"line":115,"column":null}}},"fnMap":{"0":{"name":"MaintenanceTable","decl":{"start":{"line":11,"column":16},"end":{"line":11,"column":33}},"loc":{"start":{"line":11,"column":77},"end":{"line":122,"column":null}}},"1":{"name":"(anonymous_1)","decl":{"start":{"line":13,"column":23},"end":{"line":13,"column":24}},"loc":{"start":{"line":13,"column":24},"end":{"line":24,"column":null}}},"2":{"name":"(anonymous_2)","decl":{"start":{"line":27,"column":21},"end":{"line":27,"column":22}},"loc":{"start":{"line":27,"column":22},"end":{"line":37,"column":null}}},"3":{"name":"(anonymous_3)","decl":{"start":{"line":40,"column":28},"end":{"line":40,"column":29}},"loc":{"start":{"line":40,"column":29},"end":{"line":69,"column":null}}},"4":{"name":"(anonymous_4)","decl":{"start":{"line":97,"column":22},"end":{"line":97,"column":23}},"loc":{"start":{"line":98,"column":12},"end":{"line":115,"column":null}}}},"branchMap":{"0":{"loc":{"start":{"line":16,"column":4},"end":{"line":23,"column":null}},"type":"switch","locations":[{"start":{"line":21,"column":6},"end":{"line":22,"column":null}}]},"1":{"loc":{"start":{"line":41,"column":4},"end":{"line":68,"column":null}},"type":"switch","locations":[{"start":{"line":42,"column":6},"end":{"line":44,"column":null}},{"start":{"line":48,"column":6},"end":{"line":50,"column":null}},{"start":{"line":54,"column":6},"end":{"line":56,"column":null}},{"start":{"line":60,"column":6},"end":{"line":62,"column":null}},{"start":{"line":66,"column":6},"end":{"line":67,"column":null}}]},"2":{"loc":{"start":{"line":71,"column":2},"end":{"line":73,"column":null}},"type":"if","locations":[{"start":{"line":71,"column":2},"end":{"line":73,"column":null}}]},"3":{"loc":{"start":{"line":75,"column":2},"end":{"line":81,"column":null}},"type":"if","locations":[{"start":{"line":75,"column":2},"end":{"line":81,"column":null}}]},"4":{"loc":{"start":{"line":109,"column":17},"end":{"line":112,"column":null}},"type":"cond-expr","locations":[{"start":{"line":110,"column":18},"end":{"line":110,"column":null}},{"start":{"line":112,"column":18},"end":{"line":112,"column":null}}]}},"s":{"0":0,"1":0,"2":0,"3":0,"4":0,"5":0,"6":0,"7":0,"8":0,"9":0,"10":0,"11":0,"12":0,"13":0,"14":0,"15":0,"16":0,"17":0,"18":0,"19":0,"20":0},"f":{"0":0,"1":0,"2":0,"3":0,"4":0},"b":{"0":[0],"1":[0,0,0,0,0],"2":[0],"3":[0],"4":[0,0]}}
,"/Users/m.radojcic/Documents/git/work-manager/components/sick-leave/sick-leave-filters.tsx": {"path":"/Users/m.radojcic/Documents/git/work-manager/components/sick-leave/sick-leave-filters.tsx","statementMap":{"0":{"start":{"line":15,"column":2},"end":{"line":37,"column":null}},"1":{"start":{"line":24,"column":27},"end":{"line":24,"column":null}}},"fnMap":{"0":{"name":"SickLeaveFilters","decl":{"start":{"line":14,"column":16},"end":{"line":14,"column":33}},"loc":{"start":{"line":14,"column":116},"end":{"line":43,"column":null}}},"1":{"name":"(anonymous_1)","decl":{"start":{"line":24,"column":20},"end":{"line":24,"column":21}},"loc":{"start":{"line":24,"column":27},"end":{"line":24,"column":null}}}},"branchMap":{},"s":{"0":0,"1":0},"f":{"0":0,"1":0},"b":{}}
,"/Users/m.radojcic/Documents/git/work-manager/components/sick-leave/sick-leave-form.tsx": {"path":"/Users/m.radojcic/Documents/git/work-manager/components/sick-leave/sick-leave-form.tsx","statementMap":{"0":{"start":{"line":23,"column":36},"end":{"line":23,"column":null}},"1":{"start":{"line":24,"column":32},"end":{"line":24,"column":null}},"2":{"start":{"line":25,"column":30},"end":{"line":25,"column":null}},"3":{"start":{"line":26,"column":26},"end":{"line":26,"column":null}},"4":{"start":{"line":27,"column":42},"end":{"line":27,"column":null}},"5":{"start":{"line":28,"column":28},"end":{"line":28,"column":null}},"6":{"start":{"line":31,"column":21},"end":{"line":38,"column":null}},"7":{"start":{"line":32,"column":4},"end":{"line":32,"column":null}},"8":{"start":{"line":32,"column":15},"end":{"line":32,"column":null}},"9":{"start":{"line":33,"column":4},"end":{"line":37,"column":null}},"10":{"start":{"line":41,"column":23},"end":{"line":44,"column":null}},"11":{"start":{"line":42,"column":4},"end":{"line":42,"column":null}},"12":{"start":{"line":42,"column":26},"end":{"line":42,"column":null}},"13":{"start":{"line":43,"column":4},"end":{"line":43,"column":null}},"14":{"start":{"line":47,"column":24},"end":{"line":51,"column":null}},"15":{"start":{"line":48,"column":18},"end":{"line":48,"column":null}},"16":{"start":{"line":49,"column":4},"end":{"line":49,"column":null}},"17":{"start":{"line":50,"column":4},"end":{"line":50,"column":null}},"18":{"start":{"line":53,"column":23},"end":{"line":101,"column":null}},"19":{"start":{"line":54,"column":4},"end":{"line":54,"column":null}},"20":{"start":{"line":56,"column":4},"end":{"line":59,"column":null}},"21":{"start":{"line":57,"column":6},"end":{"line":57,"column":null}},"22":{"start":{"line":58,"column":6},"end":{"line":58,"column":null}},"23":{"start":{"line":61,"column":4},"end":{"line":64,"column":null}},"24":{"start":{"line":62,"column":6},"end":{"line":62,"column":null}},"25":{"start":{"line":63,"column":6},"end":{"line":63,"column":null}},"26":{"start":{"line":66,"column":4},"end":{"line":66,"column":null}},"27":{"start":{"line":67,"column":4},"end":{"line":67,"column":null}},"28":{"start":{"line":69,"column":4},"end":{"line":100,"column":null}},"29":{"start":{"line":71,"column":33},"end":{"line":73,"column":null}},"30":{"start":{"line":74,"column":31},"end":{"line":76,"column":null}},"31":{"start":{"line":79,"column":23},"end":{"line":79,"column":null}},"32":{"start":{"line":80,"column":6},"end":{"line":80,"column":null}},"33":{"start":{"line":81,"column":6},"end":{"line":81,"column":null}},"34":{"start":{"line":82,"column":6},"end":{"line":82,"column":null}},"35":{"start":{"line":84,"column":6},"end":{"line":86,"column":null}},"36":{"start":{"line":85,"column":8},"end":{"line":85,"column":null}},"37":{"start":{"line":88,"column":21},"end":{"line":88,"column":null}},"38":{"start":{"line":90,"column":6},"end":{"line":94,"column":null}},"39":{"start":{"line":91,"column":8},"end":{"line":91,"column":null}},"40":{"start":{"line":93,"column":8},"end":{"line":93,"column":null}},"41":{"start":{"line":96,"column":6},"end":{"line":96,"column":null}},"42":{"start":{"line":97,"column":6},"end":{"line":97
[...]
,"/Users/m.radojcic/Documents/git/work-manager/lib/expense-actions.ts": {"path":"/Users/m.radojcic/Documents/git/work-manager/lib/expense-actions.ts","statementMap":{"0":{"start":{"line":7,"column":2},"end":{"line":65,"column":null}},"1":{"start":{"line":9,"column":25},"end":{"line":9,"column":null}},"2":{"start":{"line":10,"column":24},"end":{"line":10,"column":null}},"3":{"start":{"line":11,"column":19},"end":{"line":11,"column":null}},"4":{"start":{"line":12,"column":23},"end":{"line":12,"column":null}},"5":{"start":{"line":15,"column":4},"end":{"line":17,"column":null}},"6":{"start":{"line":16,"column":6},"end":{"line":16,"column":null}},"7":{"start":{"line":20,"column":22},"end":{"line":20,"column":null}},"8":{"start":{"line":21,"column":4},"end":{"line":23,"column":null}},"9":{"start":{"line":22,"column":6},"end":{"line":22,"column":null}},"10":{"start":{"line":26,"column":29},"end":{"line":33,"column":null}},"11":{"start":{"line":36,"column":4},"end":{"line":45,"column":null}},"12":{"start":{"line":38,"column":26},"end":{"line":38,"column":null}},"13":{"start":{"line":39,"column":21},"end":{"line":39,"column":null}},"14":{"start":{"line":42,"column":6},"end":{"line":42,"column":null}},"15":{"start":{"line":43,"column":6},"end":{"line":43,"column":null}},"16":{"start":{"line":44,"column":6},"end":{"line":44,"column":null}},"17":{"start":{"line":48,"column":28},"end":{"line":48,"column":null}},"18":{"start":{"line":50,"column":4},"end":{"line":53,"column":null}},"19":{"start":{"line":51,"column":6},"end":{"line":51,"column":null}},"20":{"start":{"line":52,"column":6},"end":{"line":52,"column":null}},"21":{"start":{"line":56,"column":4},"end":{"line":56,"column":null}},"22":{"start":{"line":58,"column":4},"end":{"line":58,"column":null}},"23":{"start":{"line":60,"column":4},"end":{"line":60,"column":null}},"24":{"start":{"line":61,"column":4},"end":{"line":64,"column":null}}},"fnMap":{"0":{"name":"createExpenseReport","decl":{"start":{"line":6,"column":22},"end":{"line":6,"column":42}},"loc":{"start":{"line":6,"column":60},"end":{"line":66,"column":null}}}},"branchMap":{"0":{"loc":{"start":{"line":15,"column":4},"end":{"line":17,"column":null}},"type":"if","locations":[{"start":{"line":15,"column":4},"end":{"line":17,"column":null}}]},"1":{"loc":{"start":{"line":15,"column":8},"end":{"line":15,"column":50}},"type":"binary-expr","locations":[{"start":{"line":15,"column":8},"end":{"line":15,"column":25}},{"start":{"line":15,"column":25},"end":{"line":15,"column":41}},{"start":{"line":15,"column":41},"end":{"line":15,"column":50}}]},"2":{"loc":{"start":{"line":21,"column":4},"end":{"line":23,"column":null}},"type":"if","locations":[{"start":{"line":21,"column":4},"end":{"line":23,"column":null}}]},"3":{"loc":{"start":{"line":36,"column":4},"end":{"line":45,"column":null}},"type":"if","locations":[{"start":{"line":36,"column":4},"end":{"line":45,"column":null}}]},"4":{"loc":{"start":{"line":36,"column":8},"end":{"line":36,"column":43}},"type":"binary-expr","locations":[{"start":{"line":36,"column":8},"end":{"line":36,"column":22}},{"start":{"line":36,"column":22},"end":{"line":36,"column":43}}]},"5":{"loc":{"start":{"line":50,"column":4},"end":{"line":53,"column":null}},"type":"if","locations":[{"start":{"line":50,"column":4},"end":{"line":53,"column":null}}]},"6":{"loc":{"start":{"line":63,"column":13},"end":{"line":63,"column":null}},"type":"cond-expr","locations":[{"start":{"line":63,"column":38},"end":{"line":63,"column":51}},{"start":{"line":63,"column":54},"end":{"line":63,"column":null}}]}},"s":{"0":0,"1":0,"2":0,"3":0,"4":0,"5":0,"6":0,"7":0,"8":0,"9":0,"10":0,"11":0,"12":0,"13":0,"14":0,"15":0,"16":0,"17":0,"18":0,"19":0,"20":0,"21":0,"22":0,"23":0,"24":0},"f":{"0":0},"b":{"0":[0],"1":[0,0,0],"2":[0],"3":[0],"4":[0,0],"5":[0],"6":[0,0]}}
,"/Users/m.radojcic/Documents/git/work-manager/lib/expense-api.ts": {"path":"/Users/m.radojcic/Documents/git/work-manager/lib/expense-api.ts","statementMap":{"0":{"start":{"line":17,"column":2},"end":{"line":35,"column":null}},"1":{"start":{"line":18,"column":16},"end":{"line":18,"column":null}},"2":{"start":{"line":20,"column":4},"end":{"line":22,"column":null}},"3":{"start":{"line":21,"column":6},"end":{"line":21,"column":null}},"4":{"start":{"line":24,"column":28},"end":{"line":24,"column":null}},"5":{"start":{"line":26,"column":4},"end":{"line":29,"column":null}},"6":{"start":{"line":27,"column":6},"end":{"line":27,"column":null}},"7":{"start":{"line":28,"column":6},"end":{"line":28,"column":null}},"8":{"start":{"line":31,"column":4},"end":{"line":31,"column":null}},"9":{"start":{"line":33,"column":4},"end":{"line":33,"column":null}},"10":{"start":{"line":34,"column":4},"end":{"line":34,"column":null}},"11":{"start":{"line":39,"column":2},"end":{"line":54,"column":null}},"12":{"start":{"line":40,"column":29},"end":{"line":43,"column":null}},"13":{"start":{"line":45,"column":4},"end":{"line":48,"column":null}},"14":{"start":{"line":46,"column":6},"end":{"line":46,"column":null}},"15":{"start":{"line":47,"column":6},"end":{"line":47,"column":null}},"16":{"start":{"line":50,"column":4},"end":{"line":50,"column":null}},"17":{"start":{"line":52,"column":4},"end":{"line":52,"column":null}},"18":{"start":{"line":53,"column":4},"end":{"line":53,"column":null}}},"fnMap":{"0":{"name":"getExpenseReports","decl":{"start":{"line":16,"column":22},"end":{"line":16,"column":40}},"loc":{"start":{"line":16,"column":84},"end":{"line":36,"column":null}}},"1":{"name":"getExpenseCount","decl":{"start":{"line":38,"column":22},"end":{"line":38,"column":38}},"loc":{"start":{"line":38,"column":93},"end":{"line":55,"column":null}}}},"branchMap":{"0":{"loc":{"start":{"line":20,"column":4},"end":{"line":22,"column":null}},"type":"if","locations":[{"start":{"line":20,"column":4},"end":{"line":22,"column":null}}]},"1":{"loc":{"start":{"line":26,"column":4},"end":{"line":29,"column":null}},"type":"if","locations":[{"start":{"line":26,"column":4},"end":{"line":29,"column":null}}]},"2":{"loc":{"start":{"line":38,"column":38},"end":{"line":38,"column":93}},"type":"default-arg","locations":[{"start":{"line":38,"column":84},"end":{"line":38,"column":93}}]},"3":{"loc":{"start":{"line":45,"column":4},"end":{"line":48,"column":null}},"type":"if","locations":[{"start":{"line":45,"column":4},"end":{"line":48,"column":null}}]},"4":{"loc":{"start":{"line":50,"column":11},"end":{"line":50,"column":null}},"type":"binary-expr","locations":[{"start":{"line":50,"column":11},"end":{"line":50,"column":20}},{"start":{"line":50,"column":20},"end":{"line":50,"column":null}}]}},"s":{"0":0,"1":0,"2":0,"3":0,"4":0,"5":0,"6":0,"7":0,"8":0,"9":0,"10":0,"11":0,"12":0,"13":0,"14":0,"15":0,"16":0,"17":0,"18":0},"f":{"0":0,"1":0},"b":{"0":[0],"1":[0],"2":[0],"3":[0],"4":[0,0]}}
,"/Users/m.radojcic/Documents/git/work-manager/lib/maintenance-actions.ts": {"path":"/Users/m.radojcic/Documents/git/work-manager/lib/maintenance-actions.ts","statementMap":{"0":{"start":{"line":9,"column":2},"end":{"line":63,"column":null}},"1":{"start":{"line":11,"column":17},"end":{"line":11,"column":null}},"2":{"start":{"line":12,"column":22},"end":{"line":12,"column":null}},"3":{"start":{"line":13,"column":24},"end":{"line":13,"column":null}},"4":{"start":{"line":14,"column":21},"end":{"line":14,"column":null}},"5":{"start":{"line":17,"column":4},"end":{"line":19,"column":null}},"6":{"start":{"line":18,"column":6},"end":{"line":18,"column":null}},"7":{"start":{"line":22,"column":27},"end":{"line":22,"column":null}},"8":{"start":{"line":25,"column":22},"end":{"line":34,"column":null}},"9":{"start":{"line":37,"column":28},"end":{"line":37,"column":null}},"10":{"start":{"line":39,"column":4},"end":{"line":42,"column":null}},"11":{"start":{"line":40,"column":6},"end":{"line":40,"column":null}},"12":{"start":{"line":41,"column":6},"end":{"line":41,"column":null}},"13":{"start":{"line":45,"column":4},"end":{"line":45,"column":null}},"14":{"start":{"line":47,"column":4},"end":{"line":56,"column":null}},"15":{"start":{"line":58,"column":4},"end":{"line":58,"column":null}},"16":{"start":{"line":59,"column":4},"end":{"line":62,"column":null}}},"fnMap":{"0":{"name":"createMaintenanceIssue","decl":{"start":{"line":8,"column":22},"end":{"line":8,"column":45}},"loc":{"start":{"line":8,"column":63},"end":{"line":64,"column":null}}}},"branchMap":{"0":{"loc":{"start":{"line":17,"column":4},"end":{"line":19,"column":null}},"type":"if","locations":[{"start":{"line":17,"column":4},"end":{"line":19,"column":null}}]},"1":{"loc":{"start":{"line":17,"column":8},"end":{"line":17,"column":58}},"type":"binary-expr","locations":[{"start":{"line":17,"column":8},"end":{"line":17,"column":17}},{"start":{"line":17,"column":17},"end":{"line":17,"column":31}},{"start":{"line":17,"column":31},"end":{"line":17,"column":47}},{"start":{"line":17,"column":47},"end":{"line":17,"column":58}}]},"2":{"loc":{"start":{"line":32,"column":26},"end":{"line":32,"column":null}},"type":"binary-expr","locations":[{"start":{"line":32,"column":26},"end":{"line":32,"column":48}},{"start":{"line":32,"column":48},"end":{"line":32,"column":null}}]},"3":{"loc":{"start":{"line":39,"column":4},"end":{"line":42,"column":null}},"type":"if","locations":[{"start":{"line":39,"column":4},"end":{"line":42,"column":null}}]},"4":{"loc":{"start":{"line":50,"column":22},"end":{"line":55,"column":null}},"type":"cond-expr","locations":[{"start":{"line":51,"column":10},"end":{"line":54,"column":null}},{"start":{"line":55,"column":10},"end":{"line":55,"column":null}}]},"5":{"loc":{"start":{"line":61,"column":13},"end":{"line":61,"column":null}},"type":"cond-expr","locations":[{"start":{"line":61,"column":38},"end":{"line":61,"column":51}},{"start":{"line":61,"column":54},"end":{"line":61,"column":null}}]}},"s":{"0":0,"1":0,"2":0,"3":0,"4":0,"5":0,"6":0,"7":0,"8":0,"9":0,"10":0,"11":0,"12":0,"13":0,"14":0,"15":0,"16":0},"f":{"0":0},"b":{"0":[0],"1":[0,0,0,0],"2":[0,0],"3":[0],"4":[0,0],"5":[0,0]}}
,"/Users/m.radojcic/Documents/git/work-manager/lib/maintenance-api.ts": {"path":"/Users/m.radojcic/Documents/git/work-manager/lib/maintenance-api.ts","statementMap":{"0":{"start":{"line":29,"column":40},"end":{"line":29,"column":null}},"1":{"start":{"line":31,"column":37},"end":{"line":31,"column":null}},"2":{"start":{"line":34,"column":2},"end":{"line":55,"column":null}},"3":{"start":{"line":35,"column":16},"end":{"line":38,"column":null}},"4":{"start":{"line":40,"column":4},"end":{"line":42,"column":null}},"5":{"start":{"line":41,"column":6},"end":{"line":41,"column":null}},"6":{"start":{"line":44,"column":28},"end":{"line":44,"column":null}},"7":{"start":{"line":46,"column":4},"end":{"line":49,"column":null}},"8":{"start":{"line":47,"column":6},"end":{"line":47,"column":null}},"9":{"start":{"line":48,"column":6},"end":{"line":48,"column":null}},"10":{"start":{"line":51,"column":4},"end":{"line":51,"column":null}},"11":{"start":{"line":53,"column":4},"end":{"line":53,"column":null}},"12":{"start":{"line":54,"column":4},"end":{"line":54,"column":null}},"13":{"start":{"line":59,"column":2},"end":{"line":77,"column":null}},"14":{"start":{"line":60,"column":28},"end":{"line":66,"column":null}},"15":{"start":{"line":68,"column":4},"end":{"line":71,"column":null}},"16":{"start":{"line":69,"column":6},"end":{"line":69,"column":null}},"17":{"start":{"line":70,"column":6},"end":{"line":70,"column":null}},"18":{"start":{"line":73,"column":4},"end":{"line":73,"column":null}},"19":{"start":{"line":75,"column":4},"end":{"line":75,"column":null}},"20":{"start":{"line":76,"column":4},"end":{"line":76,"column":null}}},"fnMap":{"0":{"name":"getMaintenanceIssues","decl":{"start":{"line":33,"column":22},"end":{"line":33,"column":43}},"loc":{"start":{"line":33,"column":64},"end":{"line":56,"column":null}}},"1":{"name":"getMaintenancePersonnel","decl":{"start":{"line":58,"column":22},"end":{"line":58,"column":46}},"loc":{"start":{"line":58,"column":86},"end":{"line":78,"column":null}}}},"branchMap":{"0":{"loc":{"start":{"line":40,"column":4},"end":{"line":42,"column":null}},"type":"if","locations":[{"start":{"line":40,"column":4},"end":{"line":42,"column":null}}]},"1":{"loc":{"start":{"line":46,"column":4},"end":{"line":49,"column":null}},"type":"if","locations":[{"start":{"line":46,"column":4},"end":{"line":49,"column":null}}]},"2":{"loc":{"start":{"line":68,"column":4},"end":{"line":71,"column":null}},"type":"if","locations":[{"start":{"line":68,"column":4},"end":{"line":71,"column":null}}]},"3":{"loc":{"start":{"line":73,"column":11},"end":{"line":73,"column":null}},"type":"cond-expr","locations":[{"start":{"line":73,"column":30},"end":{"line":73,"column":37}},{"start":{"line":73,"column":62},"end":{"line":73,"column":null}}]}},"s":{"0":0,"1":0,"2":0,"3":0,"4":0,"5":0,"6":0,"7":0,"8":0,"9":0,"10":0,"11":0,"12":0,"13":0,"14":0,"15":0,"16":0,"17":0,"18":0,"19":0,"20":0},"f":{"0":0,"1":0},"b":{"0":[0],"1":[0],"2":[0],"3":[0,0]}}
,"/Users/m.radojcic/Documents/git/work-manager/lib/sick-leave-actions.ts": {"path":"/Users/m.radojcic/Documents/git/work-manager/lib/sick-leave-actions.ts","statementMap":{"0":{"start":{"line":7,"column":2},"end":{"line":59,"column":null}},"1":{"start":{"line":9,"column":22},"end":{"line":9,"column":null}},"2":{"start":{"line":10,"column":20},"end":{"line":10,"column":null}},"3":{"start":{"line":11,"column":19},"end":{"line":11,"column":null}},"4":{"start":{"line":12,"column":23},"end":{"line":12,"column":null}},"5":{"start":{"line":15,"column":4},"end":{"line":17,"column":null}},"6":{"start":{"line":16,"column":6},"end":{"line":16,"column":null}},"7":{"start":{"line":20,"column":31},"end":{"line":27,"column":null}},"8":{"start":{"line":30,"column":4},"end":{"line":39,"column":null}},"9":{"start":{"line":32,"column":26},"end":{"line":32,"column":null}},"10":{"start":{"line":33,"column":21},"end":{"line":33,"column":null}},"11":{"start":{"line":36,"column":6},"end":{"line":36,"column":null}},"12":{"start":{"line":37,"column":6},"end":{"line":37,"column":null}},"13":{"start":{"line":38,"column":6},"end":{"line":38,"column":null}},"14":{"start":{"line":42,"column":28},"end":{"line":42,"column":null}},"15":{"start":{"line":44,"column":4},"end":{"line":47,"column":null}},"16":{"start":{"line":45,"column":6},"end":{"line":45,"column":null}},"17":{"start":{"line":46,"column":6},"end":{"line":46,"column":null}},"18":{"start":{"line":50,"column":4},"end":{"line":50,"column":null}},"19":{"start":{"line":52,"column":4},"end":{"line":52,"column":null}},"20":{"start":{"line":54,"column":4},"end":{"line":54,"column":null}},"21":{"start":{"line":55,"column":4},"end":{"line":58,"column":null}}},"fnMap":{"0":{"name":"createSickLeave","decl":{"start":{"line":6,"column":22},"end":{"line":6,"column":38}},"loc":{"start":{"line":6,"column":56},"end":{"line":60,"column":null}}}},"branchMap":{"0":{"loc":{"start":{"line":15,"column":4},"end":{"line":17,"column":null}},"type":"if","locations":[{"start":{"line":15,"column":4},"end":{"line":17,"column":null}}]},"1":{"loc":{"start":{"line":15,"column":8},"end":{"line":15,"column":43}},"type":"binary-expr","locations":[{"start":{"line":15,"column":8},"end":{"line":15,"column":22}},{"start":{"line":15,"column":22},"end":{"line":15,"column":34}},{"start":{"line":15,"column":34},"end":{"line":15,"column":43}}]},"2":{"loc":{"start":{"line":30,"column":4},"end":{"line":39,"column":null}},"type":"if","locations":[{"start":{"line":30,"column":4},"end":{"line":39,"column":null}}]},"3":{"loc":{"start":{"line":30,"column":8},"end":{"line":30,"column":43}},"type":"binary-expr","locations":[{"start":{"line":30,"column":8},"end":{"line":30,"column":22}},{"start":{"line":30,"column":22},"end":{"line":30,"column":43}}]},"4":{"loc":{"start":{"line":44,"column":4},"end":{"line":47,"column":null}},"type":"if","locations":[{"start":{"line":44,"column":4},"end":{"line":47,"column":null}}]},"5":{"loc":{"start":{"line":57,"column":13},"end":{"line":57,"column":null}},"type":"cond-expr","locations":[{"start":{"line":57,"column":38},"end":{"line":57,"column":51}},{"start":{"line":57,"column":54},"end":{"line":57,"column":null}}]}},"s":{"0":0,"1":0,"2":0,"3":0,"4":0,"5":0,"6":0,"7":0,"8":0,"9":0,"10":0,"11":0,"12":0,"13":0,"14":0,"15":0,"16":0,"17":0,"18":0,"19":0,"20":0,"21":0},"f":{"0":0},"b":{"0":[0],"1":[0,0,0],"2":[0],"3":[0,0],"4":[0],"5":[0,0]}}
,"/Users/m.radojcic/Documents/git/work-manager/lib/sick-leave-api.ts": {"path":"/Users/m.radojcic/Documents/git/work-manager/lib/sick-leave-api.ts","statementMap":{"0":{"start":{"line":4,"column":2},"end":{"line":22,"column":null}},"1":{"start":{"line":5,"column":16},"end":{"line":5,"column":null}},"2":{"start":{"line":7,"column":4},"end":{"line":9,"column":null}},"3":{"start":{"line":8,"column":6},"end":{"line":8,"column":null}},"4":{"start":{"line":11,"column":28},"end":{"line":11,"column":null}},"5":{"start":{"line":13,"column":4},"end":{"line":16,"column":null}},"6":{"start":{"line":14,"column":6},"end":{"line":14,"column":null}},"7":{"start":{"line":15,"column":6},"end":{"line":15,"column":null}},"8":{"start":{"line":18,"column":4},"end":{"line":18,"column":null}},"9":{"start":{"line":20,"column":4},"end":{"line":20,"column":null}},"10":{"start":{"line":21,"column":4},"end":{"line":21,"column":null}},"11":{"start":{"line":34,"column":2},"end":{"line":46,"column":null}},"12":{"start":{"line":35,"column":28},"end":{"line":35,"column":null}},"13":{"start":{"line":37,"column":4},"end":{"line":40,"column":null}},"14":{"start":{"line":38,"column":6},"end":{"line":38,"column":null}},"15":{"start":{"line":39,"column":6},"end":{"line":39,"column":null}},"16":{"start":{"line":42,"column":4},"end":{"line":42,"column":null}},"17":{"start":{"line":44,"column":4},"end":{"line":44,"column":null}},"18":{"start":{"line":45,"column":4},"end":{"line":45,"column":null}}},"fnMap":{"0":{"name":"getSickLeaveRequests","decl":{"start":{"line":3,"column":22},"end":{"line":3,"column":43}},"loc":{"start":{"line":3,"column":87},"end":{"line":23,"column":null}}},"1":{"name":"createSickLeaveRequest","decl":{"start":{"line":25,"column":22},"end":{"line":25,"column":45}},"loc":{"start":{"line":33,"column":1},"end":{"line":47,"column":null}}}},"branchMap":{"0":{"loc":{"start":{"line":7,"column":4},"end":{"line":9,"column":null}},"type":"if","locations":[{"start":{"line":7,"column":4},"end":{"line":9,"column":null}}]},"1":{"loc":{"start":{"line":13,"column":4},"end":{"line":16,"column":null}},"type":"if","locations":[{"start":{"line":13,"column":4},"end":{"line":16,"column":null}}]},"2":{"loc":{"start":{"line":37,"column":4},"end":{"line":40,"column":null}},"type":"if","locations":[{"start":{"line":37,"column":4},"end":{"line":40,"column":null}}]}},"s":{"0":0,"1":0,"2":0,"3":0,"4":0,"5":0,"6":0,"7":0,"8":0,"9":0,"10":0,"11":0,"12":0,"13":0,"14":0,"15":0,"16":0,"17":0,"18":0},"f":{"0":0,"1":0},"b":{"0":[0],"1":[0],"2":[0]}}
,"/Users/m.radojcic/Documents/git/work-manager/lib/supabase.ts": {"path":"/Users/m.radojcic/Documents/git/work-manager/lib/supabase.ts","statementMap":{"0":{"start":{"line":3,"column":20},"end":{"line":3,"column":56}},"1":{"start":{"line":4,"column":24},"end":{"line":4,"column":65}},"2":{"start":{"line":6,"column":24},"end":{"line":6,"column":66}}},"fnMap":{},"branchMap":{},"s":{"0":0,"1":0,"2":0},"f":{},"b":{}}
,"/Users/m.radojcic/Documents/git/work-manager/lib/utils.ts": {"path":"/Users/m.radojcic/Documents/git/work-manager/lib/utils.ts","statementMap":{"0":{"start":{"line":4,"column":16},"end":{"line":4,"column":19}},"1":{"start":{"line":1,"column":38},"end":{"line":1,"column":null}},"2":{"start":{"line":2,"column":24},"end":{"line":2,"column":null}},"3":{"start":{"line":5,"column":2},"end":{"line":5,"column":null}}},"fnMap":{"0":{"name":"cn","decl":{"start":{"line":4,"column":16},"end":{"line":4,"column":19}},"loc":{"start":{"line":4,"column":42},"end":{"line":6,"column":null}}}},"branchMap":{},"s":{"0":110,"1":6,"2":6,"3":110},"f":{"0":110},"b":{}}
}
