TN:
SF:app/layout.tsx
FN:14,RootLayout
FNF:1
FNH:1
FNDA:1,RootLayout
DA:6,1
DA:8,1
DA:19,1
LF:3
LH:3
BRF:0
BRH:0
end_of_record
TN:
SF:app/loading.tsx
FN:1,Loading
FNF:1
FNH:1
FNDA:1,Loading
DA:2,1
LF:1
LH:1
BRF:0
BRH:0
end_of_record
TN:
SF:app/page.tsx
FN:7,Dashboard
FNF:1
FNH:1
FNDA:1,Dashboard
DA:8,1
LF:1
LH:1
BRF:0
BRH:0
end_of_record
TN:
SF:app/asset-booking/page.tsx
FN:6,AssetBookingPage
FNF:1
FNH:1
FNDA:1,AssetBookingPage
DA:7,1
LF:1
LH:1
BRF:0
BRH:0
end_of_record
TN:
SF:app/corporate-travel/page.tsx
FN:6,CorporateTravelPage
FNF:1
FNH:1
FNDA:1,CorporateTravelPage
DA:7,1
LF:1
LH:1
BRF:0
BRH:0
end_of_record
TN:
SF:app/education-social/page.tsx
FN:4,EducationSocialPage
FNF:1
FNH:1
FNDA:1,EducationSocialPage
DA:5,1
LF:1
LH:1
BRF:0
BRH:0
end_of_record
TN:
SF:app/expense-report/page.tsx
FN:6,ExpenseReportPage
FNF:1
FNH:1
FNDA:1,ExpenseReportPage
DA:7,1
LF:1
LH:1
BRF:0
BRH:0
end_of_record
TN:
SF:app/maintenance-issues/page.tsx
FN:6,MaintenanceIssuesPage
FNF:1
FNH:1
FNDA:1,MaintenanceIssuesPage
DA:7,1
LF:1
LH:1
BRF:0
BRH:0
end_of_record
TN:
SF:app/sick-leave/page.tsx
FN:6,SickLeavePage
FNF:1
FNH:1
FNDA:1,SickLeavePage
DA:7,1
LF:1
LH:1
BRF:0
BRH:0
end_of_record
TN:
SF:components/asset/asset-book-button.tsx
FN:13,AssetBookButton
FN:16,(anonymous_1)
FN:23,(anonymous_2)
FNF:3
FNH:3
FNDA:6,AssetBookButton
FNDA:1,(anonymous_1)
FNDA:2,(anonymous_2)
DA:14,6
DA:16,6
DA:17,1
DA:18,1
DA:21,6
DA:23,2
LF:6
LH:6
BRF:0
BRH:0
end_of_record
TN:
SF:components/asset/asset-filters.tsx
FN:11,AssetFilters
FN:21,(anonymous_1)
FNF:2
FNH:2
FNDA:1,AssetFilters
FNDA:8,(anonymous_1)
DA:12,1
DA:22,8
LF:2
LH:2
BRF:0
BRH:0
end_of_record
TN:
SF:components/asset/asset-form.tsx
FN:21,AssetForm
FN:29,(anonymous_1)
FN:39,(anonymous_2)
FN:45,(anonymous_3)
FN:51,(anonymous_4)
FN:98,(anonymous_5)
FN:122,(anonymous_6)
FN:149,(anonymous_7)
FN:161,(anonymous_8)
FN:192,(anonymous_9)
FN:199,(anonymous_10)
FN:225,(anonymous_11)
FNF:12
FNH:9
FNDA:42,AssetForm
FNDA:84,(anonymous_1)
FNDA:6,(anonymous_2)
FNDA:0,(anonymous_3)
FNDA:7,(anonymous_4)
FNDA:336,(anonymous_5)
FNDA:363,(anonymous_6)
FNDA:7,(anonymous_7)
FNDA:336,(anonymous_8)
FNDA:6,(anonymous_9)
FNDA:0,(anonymous_10)
FNDA:0,(anonymous_11)
DA:22,42
DA:23,42
DA:24,42
DA:25,42
DA:26,42
DA:29,42
DA:30,84
DA:31,84
DA:39,42
DA:40,6
DA:41,6
DA:45,42
DA:46,0
DA:47,0
DA:48,0
DA:51,42
DA:52,7
DA:54,7
DA:55,2
DA:56,2
DA:59,5
DA:60,0
DA:61,0
DA:64,5
DA:65,5
DA:67,5
DA:69,5
DA:72,5
DA:77,5
DA:78,5
DA:79,5
DA:80,5
DA:82,5
DA:84,4
DA:85,1
DA:87,1
DA:90,3
DA:91,3
DA:93,5
DA:98,42
DA:99,336
DA:101,42
DA:103,42
DA:105,42
DA:107,42
DA:109,42
DA:111,42
DA:113,42
DA:115,42
DA:117,0
DA:122,42
DA:123,363
DA:125,69
DA:127,42
DA:129,42
DA:131,42
DA:133,42
DA:135,42
DA:137,42
DA:139,42
DA:141,0
DA:145,42
DA:149,7
DA:162,336
DA:193,6
DA:195,6
DA:196,0
DA:199,0
DA:226,0
LF:69
LH:59
BRDA:30,0,0,0
BRDA:30,0,1,84
BRDA:40,1,0,0
BRDA:40,1,1,6
BRDA:40,2,0,6
BRDA:40,2,1,6
BRDA:54,3,0,2
BRDA:54,3,1,5
BRDA:54,4,0,7
BRDA:54,4,1,5
BRDA:54,4,2,5
BRDA:59,5,0,0
BRDA:59,5,1,5
BRDA:69,6,0,5
BRDA:69,6,1,0
BRDA:72,7,0,5
BRDA:72,7,1,0
BRDA:84,8,0,1
BRDA:84,8,1,1
BRDA:87,9,0,1
BRDA:87,9,1,0
BRDA:99,10,0,42
BRDA:99,10,1,42
BRDA:99,10,2,42
BRDA:99,10,3,42
BRDA:99,10,4,42
BRDA:99,10,5,42
BRDA:99,10,6,42
BRDA:99,10,7,42
BRDA:99,10,8,0
BRDA:123,11,0,69
BRDA:123,11,1,42
BRDA:123,11,2,42
BRDA:123,11,3,42
BRDA:123,11,4,42
BRDA:123,11,5,42
BRDA:123,11,6,42
BRDA:123,11,7,42
BRDA:123,11,8,0
BRDA:152,12,0,42
BRDA:152,12,1,27
BRDA:182,13,0,42
BRDA:182,13,1,0
BRDA:185,14,0,42
BRDA:185,14,1,0
BRDA:195,15,0,0
BRDA:195,15,1,6
BRDA:195,16,0,6
BRDA:195,16,1,6
BRDA:195,16,2,6
BRDA:199,17,0,0
BRDA:199,17,1,0
BRDA:214,18,0,42
BRDA:214,18,1,0
BRDA:217,19,0,42
BRDA:217,19,1,0
BRDA:226,20,0,0
BRDA:226,20,1,0
BRDA:226,21,0,0
BRDA:226,21,1,0
BRDA:235,22,0,42
BRDA:235,22,1,6
BRDA:242,23,0,5
BRDA:242,23,1,37
BRF:64
BRH:45
end_of_record
TN:
SF:components/asset/asset-management.tsx
FN:10,AssetManagement
FN:17,(anonymous_1)
FN:31,(anonymous_2)
FN:36,(anonymous_3)
FN:41,(anonymous_4)
FN:48,(anonymous_5)
FNF:6
FNH:6
FNDA:16,AssetManagement
FNDA:5,(anonymous_1)
FNDA:4,(anonymous_2)
FNDA:9,(anonymous_3)
FNDA:2,(anonymous_4)
FNDA:1,(anonymous_5)
DA:11,16
DA:12,16
DA:13,16
DA:14,16
DA:17,16
DA:18,5
DA:19,5
DA:20,5
DA:21,4
DA:22,4
DA:24,1
DA:26,5
DA:31,16
DA:32,4
DA:36,16
DA:37,9
DA:40,9
DA:41,2
DA:44,9
DA:48,16
DA:49,1
DA:52,16
LF:22
LH:22
BRDA:40,0,0,1
BRDA:40,0,1,8
BRF:2
BRH:2
end_of_record
TN:
SF:components/asset/asset-table.tsx
FN:10,AssetTable
FN:12,(anonymous_1)
FN:38,(anonymous_2)
FN:51,(anonymous_3)
FN:84,(anonymous_4)
FNF:5
FNH:5
FNDA:4,AssetTable
FNDA:10,(anonymous_1)
FNDA:30,(anonymous_2)
FNDA:10,(anonymous_3)
FNDA:10,(anonymous_4)
DA:12,4
DA:13,10
DA:15,10
DA:17,2
DA:19,2
DA:21,1
DA:23,1
DA:25,1
DA:27,1
DA:29,1
DA:31,1
DA:33,0
DA:38,4
DA:39,30
DA:40,30
DA:46,0
DA:51,4
DA:52,10
DA:53,10
DA:54,10
DA:56,10
DA:59,4
DA:60,1
DA:63,3
DA:64,1
DA:71,2
DA:85,10
DA:86,10
DA:87,10
DA:88,10
DA:90,10
LF:31
LH:29
BRDA:15,0,0,2
BRDA:15,0,1,2
BRDA:15,0,2,1
BRDA:15,0,3,1
BRDA:15,0,4,1
BRDA:15,0,5,1
BRDA:15,0,6,1
BRDA:15,0,7,1
BRDA:15,0,8,0
BRDA:56,1,0,10
BRDA:56,1,1,10
BRDA:59,2,0,1
BRDA:59,2,1,3
BRDA:63,3,0,1
BRDA:63,3,1,2
BRDA:102,4,0,0
BRDA:102,4,1,10
BRF:17
BRH:15
end_of_record
